[2025-03-19T06:00:26.963Z] [32minfo[39m: MongoDB Connected: cluster0-shard-00-00.odwdk.mongodb.net
[2025-03-19T06:01:16.748Z] [32minfo[39m: MongoDB Connected: cluster0-shard-00-01.odwdk.mongodb.net
[2025-03-19T06:01:21.593Z] [32minfo[39m: MongoDB Connected: cluster0-shard-00-00.odwdk.mongodb.net
[2025-03-19T06:02:27.507Z] [32minfo[39m: MongoDB Connected: cluster0-shard-00-00.odwdk.mongodb.net
[2025-03-19T06:07:01.289Z] [32minfo[39m: MongoDB Connected: cluster0-shard-00-01.odwdk.mongodb.net
[2025-03-19T06:09:42.265Z] [32minfo[39m: MongoDB Connected: cluster0-shard-00-00.odwdk.mongodb.net
[2025-03-19T06:11:23.134Z] [32minfo[39m: MongoDB Connected: cluster0-shard-00-00.odwdk.mongodb.net
[2025-03-19T06:12:57.377Z] [32minfo[39m: MongoDB Connected: cluster0-shard-00-00.odwdk.mongodb.net
[2025-03-19T06:13:23.566Z] [32minfo[39m: MongoDB Connected: cluster0-shard-00-01.odwdk.mongodb.net
[2025-03-19T06:21:07.579Z] [32minfo[39m: MongoDB Connected: cluster0-shard-00-00.odwdk.mongodb.net
[2025-03-19T06:21:33.301Z] [32minfo[39m: MongoDB Connected: cluster0-shard-00-01.odwdk.mongodb.net
[2025-03-19T06:22:29.842Z] [32minfo[39m: MongoDB Connected: cluster0-shard-00-00.odwdk.mongodb.net
[2025-03-19T06:29:53.540Z] [32minfo[39m: MongoDB Connected: cluster0-shard-00-00.odwdk.mongodb.net
[2025-03-19T07:16:00.336Z] [32minfo[39m: MongoDB Connected: cluster0-shard-00-00.odwdk.mongodb.net
[2025-03-19T07:18:04.525Z] [32minfo[39m: MongoDB Connected: cluster0-shard-00-00.odwdk.mongodb.net
[2025-03-19T08:03:48.535Z] [32minfo[39m: MongoDB Connected: cluster0-shard-00-01.odwdk.mongodb.net
[2025-03-19T08:09:43.749Z] [32minfo[39m: MongoDB Connected: cluster0-shard-00-02.odwdk.mongodb.net
[2025-03-19T08:35:34.953Z] [32minfo[39m: MongoDB Connected: cluster0-shard-00-01.odwdk.mongodb.net
[2025-03-19T08:35:38.009Z] [32minfo[39m: MongoDB Connected: cluster0-shard-00-02.odwdk.mongodb.net
[2025-03-19T08:41:01.247Z] [32minfo[39m: MongoDB Connected: cluster0-shard-00-01.odwdk.mongodb.net
[2025-03-19T08:41:38.314Z] [32minfo[39m: MongoDB Connected: cluster0-shard-00-00.odwdk.mongodb.net
[2025-03-19T08:43:28.549Z] [32minfo[39m: MongoDB Connected: cluster0-shard-00-00.odwdk.mongodb.net
[2025-03-19T08:44:20.922Z] [32minfo[39m: MongoDB Connected: cluster0-shard-00-00.odwdk.mongodb.net
[2025-03-19T08:44:51.100Z] [32minfo[39m: MongoDB Connected: cluster0-shard-00-00.odwdk.mongodb.net
[2025-03-19T08:45:04.361Z] [32minfo[39m: MongoDB Connected: cluster0-shard-00-02.odwdk.mongodb.net
[2025-03-19T09:09:21.641Z] [32minfo[39m: MongoDB Connected: cluster0-shard-00-00.odwdk.mongodb.net
[2025-03-19T09:09:34.530Z] [32minfo[39m: MongoDB Connected: cluster0-shard-00-01.odwdk.mongodb.net
[2025-03-19T09:09:37.336Z] [32minfo[39m: MongoDB Connected: cluster0-shard-00-00.odwdk.mongodb.net
[2025-03-19T09:09:41.768Z] [32minfo[39m: MongoDB Connected: cluster0-shard-00-00.odwdk.mongodb.net
[2025-03-19T09:09:45.489Z] [32minfo[39m: MongoDB Connected: cluster0-shard-00-02.odwdk.mongodb.net
[2025-03-19T09:20:28.407Z] [32minfo[39m: MongoDB Connected: cluster0-shard-00-00.odwdk.mongodb.net
[2025-03-19T09:35:53.995Z] [32minfo[39m: MongoDB Connected: cluster0-shard-00-00.odwdk.mongodb.net
[2025-03-19T09:41:44.875Z] [32minfo[39m: MongoDB Connected: cluster0-shard-00-00.odwdk.mongodb.net
[2025-03-19T09:44:44.024Z] [32minfo[39m: MongoDB Connected: cluster0-shard-00-00.odwdk.mongodb.net
[2025-03-19T09:46:47.320Z] [32minfo[39m: MongoDB Connected: cluster0-shard-00-00.odwdk.mongodb.net
[2025-03-19T09:59:36.824Z] [32minfo[39m: MongoDB Connected: cluster0-shard-00-00.odwdk.mongodb.net
[2025-03-19T10:01:29.705Z] [32minfo[39m: MongoDB Connected: cluster0-shard-00-00.odwdk.mongodb.net
[2025-03-19T10:15:31.927Z] [32minfo[39m: MongoDB Connected: cluster0-shard-00-00.odwdk.mongodb.net
[2025-03-19T10:16:43.887Z] [32minfo[39m: MongoDB Connected: cluster0-shard-00-00.odwdk.mongodb.net
[2025-03-19T10:17:30.512Z] [32minfo[39m: MongoDB Connected: cluster0-shard-00-01.odwdk.mongodb.net
[2025-03-19T10:18:26.298Z] [32minfo[39m: MongoDB Connected: cluster0-shard-00-00.odwdk.mongodb.net
[2025-03-19T10:18:41.794Z] [32minfo[39m: MongoDB Connected: cluster0-shard-00-02.odwdk.mongodb.net
[2025-03-19T10:19:18.654Z] [32minfo[39m: MongoDB Connected: cluster0-shard-00-00.odwdk.mongodb.net
[2025-03-19T10:21:57.363Z] [32minfo[39m: MongoDB Connected: cluster0-shard-00-00.odwdk.mongodb.net
[2025-03-19T10:31:05.554Z] [32minfo[39m: MongoDB Connected: cluster0-shard-00-00.odwdk.mongodb.net
[2025-03-19T10:31:25.242Z] [32minfo[39m: MongoDB Connected: cluster0-shard-00-01.odwdk.mongodb.net
[2025-03-19T10:32:05.119Z] [32minfo[39m: MongoDB Connected: cluster0-shard-00-01.odwdk.mongodb.net
[2025-03-19T10:34:52.605Z] [32minfo[39m: MongoDB Connected: cluster0-shard-00-00.odwdk.mongodb.net
[2025-03-19T10:35:33.077Z] [32minfo[39m: MongoDB Connected: cluster0-shard-00-02.odwdk.mongodb.net
[2025-03-19T10:38:30.664Z] [32minfo[39m: MongoDB Connected: cluster0-shard-00-01.odwdk.mongodb.net
[2025-03-19T11:06:56.451Z] [32minfo[39m: MongoDB Connected: cluster0-shard-00-00.odwdk.mongodb.net
[2025-03-19T11:07:39.076Z] [32minfo[39m: MongoDB Connected: cluster0-shard-00-02.odwdk.mongodb.net
[2025-03-19T11:13:33.049Z] [32minfo[39m: MongoDB Connected: cluster0-shard-00-00.odwdk.mongodb.net
[2025-03-19T11:21:21.480Z] [31merror[39m: unhandledRejection: Connection.prototype.close() no longer accepts a callback
MongooseError: Connection.prototype.close() no longer accepts a callback
    at NativeConnection.close (/workspaces/Smart_Taxi_App/backend/node_modules/mongoose/lib/connection.js:1205:11)
    at process.<anonymous> (/workspaces/Smart_Taxi_App/backend/middlewares/dbDisconnectMiddleware.js:9:25)
    at process.emit (node:events:518:28)
[2025-03-19T11:21:21.486Z] [31merror[39m: unhandledRejection: Connection.prototype.close() no longer accepts a callback
MongooseError: Connection.prototype.close() no longer accepts a callback
    at NativeConnection.close (/workspaces/Smart_Taxi_App/backend/node_modules/mongoose/lib/connection.js:1205:11)
    at process.<anonymous> (/workspaces/Smart_Taxi_App/backend/middlewares/dbDisconnectMiddleware.js:9:25)
    at process.emit (node:events:518:28)
[2025-03-19T11:21:21.497Z] [31merror[39m: unhandledRejection: Connection.prototype.close() no longer accepts a callback
MongooseError: Connection.prototype.close() no longer accepts a callback
    at NativeConnection.close (/workspaces/Smart_Taxi_App/backend/node_modules/mongoose/lib/connection.js:1205:11)
    at process.<anonymous> (/workspaces/Smart_Taxi_App/backend/middlewares/dbDisconnectMiddleware.js:9:25)
    at process.emit (node:events:518:28)
[2025-03-19T11:48:07.576Z] [32minfo[39m: MongoDB Connected: cluster0-shard-00-00.odwdk.mongodb.net
[2025-03-19T11:48:43.788Z] [32minfo[39m: MongoDB Connected: cluster0-shard-00-01.odwdk.mongodb.net
[2025-03-19T11:48:47.368Z] [32minfo[39m: MongoDB Connected: cluster0-shard-00-01.odwdk.mongodb.net
[2025-03-19T12:07:50.911Z] [32minfo[39m: MongoDB Connected: cluster0-shard-00-00.odwdk.mongodb.net
[2025-03-19T12:19:21.407Z] [32minfo[39m: MongoDB Connected: cluster0-shard-00-00.odwdk.mongodb.net
[2025-03-19T12:19:44.255Z] [32minfo[39m: MongoDB Connected: cluster0-shard-00-01.odwdk.mongodb.net
[2025-03-19T12:21:28.784Z] [32minfo[39m: MongoDB Connected: cluster0-shard-00-00.odwdk.mongodb.net
[2025-03-19T12:21:38.340Z] [32minfo[39m: MongoDB Connected: cluster0-shard-00-02.odwdk.mongodb.net
[2025-03-19T12:25:13.417Z] [32minfo[39m: MongoDB Connected: cluster0-shard-00-00.odwdk.mongodb.net
[2025-03-19T12:27:11.231Z] [32minfo[39m: MongoDB Connected: cluster0-shard-00-00.odwdk.mongodb.net
[2025-03-19T12:27:24.016Z] [32minfo[39m: MongoDB Connected: cluster0-shard-00-01.odwdk.mongodb.net
[2025-03-19T12:28:54.124Z] [32minfo[39m: MongoDB Connected: cluster0-shard-00-00.odwdk.mongodb.net
[2025-03-19T12:41:46.598Z] [32minfo[39m: MongoDB Connected: cluster0-shard-00-01.odwdk.mongodb.net
[2025-03-19T12:42:47.633Z] [32minfo[39m: MongoDB Connected: cluster0-shard-00-00.odwdk.mongodb.net
[2025-03-19T12:42:52.177Z] [32minfo[39m: MongoDB Connected: cluster0-shard-00-00.odwdk.mongodb.net
[2025-03-19T12:42:59.503Z] [32minfo[39m: MongoDB Connected: cluster0-shard-00-01.odwdk.mongodb.net
[2025-03-19T12:43:12.412Z] [32minfo[39m: MongoDB Connected: cluster0-shard-00-02.odwdk.mongodb.net
[2025-03-19T12:56:28.451Z] [32minfo[39m: MongoDB Connected: cluster0-shard-00-00.odwdk.mongodb.net
[2025-03-19T13:08:27.338Z] [32minfo[39m: MongoDB Connected: cluster0-shard-00-01.odwdk.mongodb.net
[2025-03-19T13:10:23.504Z] [32minfo[39m: MongoDB Connected: cluster0-shard-00-00.odwdk.mongodb.net
[2025-03-19T13:11:58.612Z] [32minfo[39m: MongoDB Connected: cluster0-shard-00-00.odwdk.mongodb.net
[2025-03-19T13:12:06.409Z] [32minfo[39m: MongoDB Connected: cluster0-shard-00-02.odwdk.mongodb.net
[2025-03-19T13:12:12.869Z] [32minfo[39m: MongoDB Connected: cluster0-shard-00-01.odwdk.mongodb.net
[2025-03-19T13:12:51.895Z] [32minfo[39m: MongoDB Connected: cluster0-shard-00-01.odwdk.mongodb.net
[2025-03-19T13:19:07.958Z] [32minfo[39m: MongoDB Connected: cluster0-shard-00-00.odwdk.mongodb.net
[2025-03-19T13:19:12.834Z] [32minfo[39m: MongoDB Connected: cluster0-shard-00-01.odwdk.mongodb.net
[2025-03-19T13:19:17.716Z] [32minfo[39m: MongoDB Connected: cluster0-shard-00-00.odwdk.mongodb.net
[2025-03-19T13:19:31.329Z] [32minfo[39m: MongoDB Connected: cluster0-shard-00-01.odwdk.mongodb.net
[2025-03-19T13:36:02.651Z] [32minfo[39m: MongoDB Connected: cluster0-shard-00-00.odwdk.mongodb.net
[2025-03-19T14:55:28.373Z] [32minfo[39m: MongoDB Connected: cluster0-shard-00-00.odwdk.mongodb.net
[2025-03-19T14:55:38.717Z] [32minfo[39m: MongoDB Connected: cluster0-shard-00-00.odwdk.mongodb.net
[2025-03-19T15:02:32.322Z] [32minfo[39m: MongoDB Connected: cluster0-shard-00-00.odwdk.mongodb.net
[2025-03-19T15:02:47.395Z] [32minfo[39m: MongoDB Connected: cluster0-shard-00-02.odwdk.mongodb.net
[2025-03-19T15:23:40.192Z] [32minfo[39m: MongoDB Connected: cluster0-shard-00-00.odwdk.mongodb.net
[2025-03-19T15:31:07.100Z] [32minfo[39m: MongoDB Connected: cluster0-shard-00-00.odwdk.mongodb.net
[2025-03-19T18:40:45.710Z] [32minfo[39m: MongoDB Connected: cluster0-shard-00-00.odwdk.mongodb.net
[2025-03-20T11:28:19.693Z] [32minfo[39m: MongoDB Connected: cluster0-shard-00-00.odwdk.mongodb.net
[2025-03-20T18:25:13.112Z] [32minfo[39m: MongoDB Connected: cluster0-shard-00-00.odwdk.mongodb.net
[2025-03-20T18:36:33.428Z] [32minfo[39m: MongoDB Connected: cluster0-shard-00-02.odwdk.mongodb.net
[2025-03-20T18:38:18.553Z] [32minfo[39m: MongoDB Connected: cluster0-shard-00-00.odwdk.mongodb.net
[2025-03-20T18:38:33.448Z] [32minfo[39m: MongoDB Connected: cluster0-shard-00-01.odwdk.mongodb.net
[2025-03-20T18:47:02.874Z] [32minfo[39m: MongoDB Connected: cluster0-shard-00-02.odwdk.mongodb.net
[2025-03-20T19:00:24.620Z] [32minfo[39m: MongoDB Connected: cluster0-shard-00-00.odwdk.mongodb.net
[2025-03-20T19:00:27.633Z] [32minfo[39m: MongoDB Connected: cluster0-shard-00-00.odwdk.mongodb.net
[2025-03-20T20:11:30.698Z] [32minfo[39m: MongoDB Connected: cluster0-shard-00-00.odwdk.mongodb.net
[2025-03-20T20:14:01.900Z] [32minfo[39m: MongoDB Connected: cluster0-shard-00-00.odwdk.mongodb.net
[2025-03-20T20:14:08.352Z] [32minfo[39m: MongoDB Connected: cluster0-shard-00-00.odwdk.mongodb.net
[2025-03-20T20:14:12.438Z] [32minfo[39m: MongoDB Connected: cluster0-shard-00-00.odwdk.mongodb.net
[2025-03-20T20:22:13.533Z] [32minfo[39m: MongoDB Connected: cluster0-shard-00-00.odwdk.mongodb.net
[2025-03-20T20:22:23.985Z] [32minfo[39m: MongoDB Connected: cluster0-shard-00-01.odwdk.mongodb.net
[2025-03-20T20:22:28.441Z] [32minfo[39m: MongoDB Connected: cluster0-shard-00-01.odwdk.mongodb.net
[2025-03-20T20:27:21.298Z] [32minfo[39m: MongoDB Connected: cluster0-shard-00-00.odwdk.mongodb.net
[2025-03-20T20:27:43.391Z] [32minfo[39m: MongoDB Connected: cluster0-shard-00-00.odwdk.mongodb.net
[2025-03-20T20:27:46.745Z] [32minfo[39m: MongoDB Connected: cluster0-shard-00-00.odwdk.mongodb.net
[2025-03-20T20:27:49.614Z] [32minfo[39m: MongoDB Connected: cluster0-shard-00-01.odwdk.mongodb.net
[2025-03-20T20:27:52.705Z] [32minfo[39m: MongoDB Connected: cluster0-shard-00-01.odwdk.mongodb.net
[2025-03-20T20:39:26.600Z] [32minfo[39m: MongoDB Connected: cluster0-shard-00-02.odwdk.mongodb.net
[2025-03-20T20:42:23.249Z] [32minfo[39m: MongoDB Connected: cluster0-shard-00-00.odwdk.mongodb.net
[2025-03-20T20:49:57.270Z] [32minfo[39m: MongoDB Connected: cluster0-shard-00-00.odwdk.mongodb.net
[2025-03-20T20:50:00.239Z] [32minfo[39m: MongoDB Connected: cluster0-shard-00-02.odwdk.mongodb.net
[2025-03-20T20:50:06.249Z] [32minfo[39m: MongoDB Connected: cluster0-shard-00-02.odwdk.mongodb.net
[2025-03-21T05:58:59.593Z] [32minfo[39m: MongoDB Connected: cluster0-shard-00-00.odwdk.mongodb.net
[2025-03-21T08:02:51.349Z] [32minfo[39m: MongoDB Connected: cluster0-shard-00-00.odwdk.mongodb.net
[2025-03-21T08:02:58.132Z] [32minfo[39m: MongoDB Connected: cluster0-shard-00-02.odwdk.mongodb.net
[2025-03-21T08:03:06.643Z] [32minfo[39m: MongoDB Connected: cluster0-shard-00-01.odwdk.mongodb.net
[2025-03-21T13:17:21.918Z] [32minfo[39m: MongoDB Connected: cluster0-shard-00-00.odwdk.mongodb.net
[2025-03-21T15:18:25.482Z] [32minfo[39m: MongoDB Connected: cluster0-shard-00-00.odwdk.mongodb.net
[2025-03-21T15:18:35.835Z] [32minfo[39m: MongoDB Connected: cluster0-shard-00-02.odwdk.mongodb.net
[2025-03-21T15:19:32.343Z] [32minfo[39m: MongoDB Connected: cluster0-shard-00-01.odwdk.mongodb.net
[2025-03-21T15:20:21.235Z] [32minfo[39m: MongoDB Connected: cluster0-shard-00-00.odwdk.mongodb.net
[2025-03-21T15:20:34.160Z] [32minfo[39m: MongoDB Connected: cluster0-shard-00-01.odwdk.mongodb.net
[2025-03-21T15:40:14.097Z] [31merror[39m: unhandledRejection: Connection.prototype.close() no longer accepts a callback
MongooseError: Connection.prototype.close() no longer accepts a callback
    at NativeConnection.close (/workspaces/Smart_Taxi_App/backend/node_modules/mongoose/lib/connection.js:1205:11)
    at process.<anonymous> (/workspaces/Smart_Taxi_App/backend/middlewares/dbDisconnectMiddleware.js:9:25)
    at process.emit (node:events:518:28)
[2025-03-21T15:40:14.105Z] [31merror[39m: unhandledRejection: Connection.prototype.close() no longer accepts a callback
MongooseError: Connection.prototype.close() no longer accepts a callback
    at NativeConnection.close (/workspaces/Smart_Taxi_App/backend/node_modules/mongoose/lib/connection.js:1205:11)
    at process.<anonymous> (/workspaces/Smart_Taxi_App/backend/middlewares/dbDisconnectMiddleware.js:9:25)
    at process.emit (node:events:518:28)
[2025-03-21T15:40:14.114Z] [31merror[39m: unhandledRejection: Connection.prototype.close() no longer accepts a callback
MongooseError: Connection.prototype.close() no longer accepts a callback
    at NativeConnection.close (/workspaces/Smart_Taxi_App/backend/node_modules/mongoose/lib/connection.js:1205:11)
    at process.<anonymous> (/workspaces/Smart_Taxi_App/backend/middlewares/dbDisconnectMiddleware.js:9:25)
    at process.emit (node:events:518:28)
[2025-03-21T15:40:40.939Z] [32minfo[39m: MongoDB Connected: cluster0-shard-00-00.odwdk.mongodb.net
[2025-03-21T16:18:40.123Z] [32minfo[39m: MongoDB Connected: cluster0-shard-00-00.odwdk.mongodb.net
[2025-03-21T18:13:45.979Z] [32minfo[39m: MongoDB Connected: cluster0-shard-00-00.odwdk.mongodb.net
[2025-03-21T18:30:54.794Z] [32minfo[39m: MongoDB Connected: cluster0-shard-00-00.odwdk.mongodb.net
[2025-03-21T18:30:57.697Z] [32minfo[39m: MongoDB Connected: cluster0-shard-00-02.odwdk.mongodb.net
[2025-03-21T18:31:09.386Z] [32minfo[39m: MongoDB Connected: cluster0-shard-00-01.odwdk.mongodb.net
[2025-03-21T18:31:12.909Z] [32minfo[39m: MongoDB Connected: cluster0-shard-00-01.odwdk.mongodb.net
[2025-03-21T18:31:54.771Z] [32minfo[39m: MongoDB Connected: cluster0-shard-00-02.odwdk.mongodb.net
[2025-03-21T18:32:17.936Z] [32minfo[39m: MongoDB Connected: cluster0-shard-00-00.odwdk.mongodb.net
[2025-03-21T18:33:17.396Z] [32minfo[39m: MongoDB Connected: cluster0-shard-00-01.odwdk.mongodb.net
[2025-03-21T18:34:44.156Z] [32minfo[39m: MongoDB Connected: cluster0-shard-00-00.odwdk.mongodb.net
[2025-03-21T18:34:51.231Z] [32minfo[39m: MongoDB Connected: cluster0-shard-00-00.odwdk.mongodb.net
[2025-03-21T18:34:54.319Z] [32minfo[39m: MongoDB Connected: cluster0-shard-00-00.odwdk.mongodb.net
[2025-03-21T18:34:57.879Z] [32minfo[39m: MongoDB Connected: cluster0-shard-00-01.odwdk.mongodb.net
[2025-03-21T18:38:33.801Z] [32minfo[39m: MongoDB Connected: cluster0-shard-00-00.odwdk.mongodb.net
[2025-03-21T21:01:32.376Z] [32minfo[39m: MongoDB Connected: cluster0-shard-00-01.odwdk.mongodb.net
[2025-03-21T21:02:15.779Z] [32minfo[39m: MongoDB Connected: cluster0-shard-00-00.odwdk.mongodb.net
[2025-03-21T21:02:24.129Z] [32minfo[39m: MongoDB Connected: cluster0-shard-00-01.odwdk.mongodb.net
[2025-03-21T23:18:01.157Z] [32minfo[39m: MongoDB Connected: cluster0-shard-00-00.odwdk.mongodb.net
[2025-03-21T23:18:07.899Z] [32minfo[39m: MongoDB Connected: cluster0-shard-00-01.odwdk.mongodb.net
[2025-03-21T23:18:26.347Z] [32minfo[39m: MongoDB Connected: cluster0-shard-00-00.odwdk.mongodb.net
[2025-03-21T23:18:31.079Z] [32minfo[39m: MongoDB Connected: cluster0-shard-00-00.odwdk.mongodb.net
[2025-03-22T04:37:05.435Z] [32minfo[39m: MongoDB Connected: cluster0-shard-00-01.odwdk.mongodb.net
[2025-03-22T05:17:52.560Z] [32minfo[39m: MongoDB Connected: cluster0-shard-00-00.odwdk.mongodb.net
[2025-03-22T05:17:55.953Z] [32minfo[39m: MongoDB Connected: cluster0-shard-00-00.odwdk.mongodb.net
[2025-03-22T05:18:09.676Z] [32minfo[39m: MongoDB Connected: cluster0-shard-00-02.odwdk.mongodb.net
[2025-03-22T05:18:12.444Z] [32minfo[39m: MongoDB Connected: cluster0-shard-00-00.odwdk.mongodb.net
[2025-03-22T05:18:20.296Z] [32minfo[39m: MongoDB Connected: cluster0-shard-00-00.odwdk.mongodb.net
[2025-03-22T05:18:24.765Z] [32minfo[39m: MongoDB Connected: cluster0-shard-00-02.odwdk.mongodb.net
[2025-03-22T05:20:36.133Z] [32minfo[39m: MongoDB Connected: cluster0-shard-00-00.odwdk.mongodb.net
[2025-03-22T05:20:44.954Z] [32minfo[39m: MongoDB Connected: cluster0-shard-00-00.odwdk.mongodb.net
[2025-03-22T05:20:47.699Z] [32minfo[39m: MongoDB Connected: cluster0-shard-00-01.odwdk.mongodb.net
[2025-03-22T05:20:51.824Z] [32minfo[39m: MongoDB Connected: cluster0-shard-00-00.odwdk.mongodb.net
[2025-03-22T06:45:14.815Z] [32minfo[39m: MongoDB Connected: cluster0-shard-00-00.odwdk.mongodb.net
[2025-03-22T08:05:35.064Z] [31merror[39m: unhandledRejection: Connection.prototype.close() no longer accepts a callback
MongooseError: Connection.prototype.close() no longer accepts a callback
    at NativeConnection.close (/workspaces/Smart_Taxi_App/backend/node_modules/mongoose/lib/connection.js:1205:11)
    at process.<anonymous> (/workspaces/Smart_Taxi_App/backend/middlewares/dbDisconnectMiddleware.js:9:25)
    at process.emit (node:events:518:28)
[2025-03-22T08:07:33.278Z] [32minfo[39m: MongoDB Connected: cluster0-shard-00-01.odwdk.mongodb.net
[2025-03-22T08:07:42.415Z] [32minfo[39m: MongoDB Connected: cluster0-shard-00-00.odwdk.mongodb.net
[2025-03-22T08:07:49.667Z] [32minfo[39m: MongoDB Connected: cluster0-shard-00-01.odwdk.mongodb.net
[2025-03-22T08:07:54.226Z] [32minfo[39m: MongoDB Connected: cluster0-shard-00-02.odwdk.mongodb.net
[2025-03-22T08:08:15.880Z] [32minfo[39m: MongoDB Connected: cluster0-shard-00-01.odwdk.mongodb.net
[2025-03-22T08:08:19.815Z] [32minfo[39m: MongoDB Connected: cluster0-shard-00-00.odwdk.mongodb.net
[2025-03-22T08:09:03.794Z] [32minfo[39m: MongoDB Connected: cluster0-shard-00-00.odwdk.mongodb.net
[2025-03-22T08:09:14.755Z] [32minfo[39m: MongoDB Connected: cluster0-shard-00-01.odwdk.mongodb.net
[2025-03-22T08:09:23.728Z] [32minfo[39m: MongoDB Connected: cluster0-shard-00-01.odwdk.mongodb.net
[2025-03-22T08:09:30.124Z] [32minfo[39m: MongoDB Connected: cluster0-shard-00-01.odwdk.mongodb.net
[2025-03-22T08:09:43.981Z] [32minfo[39m: MongoDB Connected: cluster0-shard-00-01.odwdk.mongodb.net
[2025-03-22T08:09:48.589Z] [32minfo[39m: MongoDB Connected: cluster0-shard-00-01.odwdk.mongodb.net
[2025-03-22T08:09:59.506Z] [32minfo[39m: MongoDB Connected: cluster0-shard-00-01.odwdk.mongodb.net
[2025-03-22T08:10:05.784Z] [32minfo[39m: MongoDB Connected: cluster0-shard-00-01.odwdk.mongodb.net
[2025-03-22T08:10:09.650Z] [32minfo[39m: MongoDB Connected: cluster0-shard-00-02.odwdk.mongodb.net
[2025-03-22T08:11:01.715Z] [32minfo[39m: MongoDB Connected: cluster0-shard-00-00.odwdk.mongodb.net
[2025-03-22T08:11:04.772Z] [32minfo[39m: MongoDB Connected: cluster0-shard-00-01.odwdk.mongodb.net
[2025-03-22T08:11:11.219Z] [32minfo[39m: MongoDB Connected: cluster0-shard-00-02.odwdk.mongodb.net
[2025-03-22T08:13:22.566Z] [32minfo[39m: MongoDB Connected: cluster0-shard-00-00.odwdk.mongodb.net
[2025-03-22T08:33:30.268Z] [32minfo[39m: MongoDB Connected: cluster0-shard-00-00.odwdk.mongodb.net
[2025-03-22T08:33:49.664Z] [32minfo[39m: MongoDB Connected: cluster0-shard-00-02.odwdk.mongodb.net
[2025-03-22T08:33:52.538Z] [32minfo[39m: MongoDB Connected: cluster0-shard-00-02.odwdk.mongodb.net
[2025-03-22T08:51:42.549Z] [32minfo[39m: MongoDB Connected: cluster0-shard-00-02.odwdk.mongodb.net
[2025-03-22T08:52:12.832Z] [32minfo[39m: MongoDB Connected: cluster0-shard-00-00.odwdk.mongodb.net
[2025-03-22T08:52:22.196Z] [32minfo[39m: MongoDB Connected: cluster0-shard-00-01.odwdk.mongodb.net
[2025-03-22T08:56:00.100Z] [32minfo[39m: MongoDB Connected: cluster0-shard-00-00.odwdk.mongodb.net
[2025-03-22T08:56:05.031Z] [32minfo[39m: MongoDB Connected: cluster0-shard-00-02.odwdk.mongodb.net
[2025-03-22T08:59:40.207Z] [32minfo[39m: MongoDB Connected: cluster0-shard-00-00.odwdk.mongodb.net
[2025-03-22T08:59:52.749Z] [32minfo[39m: MongoDB Connected: cluster0-shard-00-00.odwdk.mongodb.net
[2025-03-22T08:59:57.645Z] [32minfo[39m: MongoDB Connected: cluster0-shard-00-00.odwdk.mongodb.net
[2025-03-22T09:20:31.954Z] [31merror[39m: unhandledRejection: Connection.prototype.close() no longer accepts a callback
MongooseError: Connection.prototype.close() no longer accepts a callback
    at NativeConnection.close (/workspaces/Smart_Taxi_App/backend/node_modules/mongoose/lib/connection.js:1205:11)
    at process.<anonymous> (/workspaces/Smart_Taxi_App/backend/middlewares/dbDisconnectMiddleware.js:9:25)
    at process.emit (node:events:518:28)
[2025-03-22T09:20:31.959Z] [31merror[39m: unhandledRejection: Connection.prototype.close() no longer accepts a callback
MongooseError: Connection.prototype.close() no longer accepts a callback
    at NativeConnection.close (/workspaces/Smart_Taxi_App/backend/node_modules/mongoose/lib/connection.js:1205:11)
    at process.<anonymous> (/workspaces/Smart_Taxi_App/backend/middlewares/dbDisconnectMiddleware.js:9:25)
    at process.emit (node:events:518:28)
[2025-03-22T09:20:31.968Z] [31merror[39m: unhandledRejection: Connection.prototype.close() no longer accepts a callback
MongooseError: Connection.prototype.close() no longer accepts a callback
    at NativeConnection.close (/workspaces/Smart_Taxi_App/backend/node_modules/mongoose/lib/connection.js:1205:11)
    at process.<anonymous> (/workspaces/Smart_Taxi_App/backend/middlewares/dbDisconnectMiddleware.js:9:25)
    at process.emit (node:events:518:28)
[2025-03-22T09:20:55.684Z] [32minfo[39m: MongoDB Connected: cluster0-shard-00-00.odwdk.mongodb.net
[2025-03-22T10:43:15.160Z] [32minfo[39m: MongoDB Connected: cluster0-shard-00-00.odwdk.mongodb.net
[2025-03-22T10:43:19.723Z] [32minfo[39m: MongoDB Connected: cluster0-shard-00-02.odwdk.mongodb.net
[2025-03-22T10:47:22.968Z] [32minfo[39m: MongoDB Connected: cluster0-shard-00-00.odwdk.mongodb.net
[2025-03-22T10:47:47.992Z] [32minfo[39m: MongoDB Connected: cluster0-shard-00-01.odwdk.mongodb.net
[2025-03-22T10:47:52.608Z] [32minfo[39m: MongoDB Connected: cluster0-shard-00-00.odwdk.mongodb.net
[2025-03-22T10:47:57.540Z] [32minfo[39m: MongoDB Connected: cluster0-shard-00-01.odwdk.mongodb.net
[2025-03-22T10:48:03.680Z] [32minfo[39m: MongoDB Connected: cluster0-shard-00-01.odwdk.mongodb.net
[2025-03-22T10:48:08.386Z] [32minfo[39m: MongoDB Connected: cluster0-shard-00-01.odwdk.mongodb.net
[2025-03-22T10:51:12.288Z] [32minfo[39m: MongoDB Connected: cluster0-shard-00-00.odwdk.mongodb.net
[2025-03-22T10:51:17.843Z] [32minfo[39m: MongoDB Connected: cluster0-shard-00-00.odwdk.mongodb.net
[2025-03-22T10:51:24.279Z] [32minfo[39m: MongoDB Connected: cluster0-shard-00-02.odwdk.mongodb.net
[2025-03-22T10:51:27.013Z] [32minfo[39m: MongoDB Connected: cluster0-shard-00-01.odwdk.mongodb.net
[2025-03-22T10:51:35.167Z] [32minfo[39m: MongoDB Connected: cluster0-shard-00-01.odwdk.mongodb.net
[2025-03-22T10:51:45.055Z] [32minfo[39m: MongoDB Connected: cluster0-shard-00-02.odwdk.mongodb.net
[2025-03-22T11:35:51.290Z] [32minfo[39m: MongoDB Connected: cluster0-shard-00-00.odwdk.mongodb.net
[2025-03-22T12:16:52.634Z] [32minfo[39m: MongoDB Connected: cluster0-shard-00-00.odwdk.mongodb.net
[2025-03-22T12:22:25.924Z] [32minfo[39m: MongoDB Connected: cluster0-shard-00-01.odwdk.mongodb.net
[2025-03-22T12:22:28.936Z] [32minfo[39m: MongoDB Connected: cluster0-shard-00-02.odwdk.mongodb.net
[2025-03-22T12:24:46.858Z] [32minfo[39m: MongoDB Connected: cluster0-shard-00-00.odwdk.mongodb.net
[2025-03-22T12:26:06.064Z] [32minfo[39m: MongoDB Connected: cluster0-shard-00-00.odwdk.mongodb.net
[2025-03-22T12:29:49.182Z] [32minfo[39m: MongoDB Connected: cluster0-shard-00-01.odwdk.mongodb.net
[2025-03-22T12:30:36.696Z] [32minfo[39m: MongoDB Connected: cluster0-shard-00-00.odwdk.mongodb.net
[2025-03-22T12:42:36.474Z] [32minfo[39m: MongoDB Connected: cluster0-shard-00-00.odwdk.mongodb.net
[2025-03-22T12:42:53.620Z] [32minfo[39m: MongoDB Connected: cluster0-shard-00-01.odwdk.mongodb.net
[2025-03-22T12:43:01.476Z] [32minfo[39m: MongoDB Connected: cluster0-shard-00-00.odwdk.mongodb.net
[2025-03-22T12:43:21.910Z] [32minfo[39m: MongoDB Connected: cluster0-shard-00-02.odwdk.mongodb.net
[2025-03-22T12:43:58.239Z] [32minfo[39m: MongoDB Connected: cluster0-shard-00-00.odwdk.mongodb.net
[2025-03-22T13:10:47.523Z] [32minfo[39m: MongoDB Connected: cluster0-shard-00-00.odwdk.mongodb.net
[2025-03-22T13:10:55.673Z] [32minfo[39m: MongoDB Connected: cluster0-shard-00-00.odwdk.mongodb.net
[2025-03-22T13:11:35.046Z] [32minfo[39m: MongoDB Connected: cluster0-shard-00-02.odwdk.mongodb.net
[2025-03-22T13:11:50.448Z] [32minfo[39m: MongoDB Connected: cluster0-shard-00-00.odwdk.mongodb.net
[2025-03-22T13:12:18.400Z] [32minfo[39m: MongoDB Connected: cluster0-shard-00-01.odwdk.mongodb.net
[2025-03-22T13:12:29.321Z] [32minfo[39m: MongoDB Connected: cluster0-shard-00-01.odwdk.mongodb.net
[2025-03-22T13:13:04.473Z] [32minfo[39m: MongoDB Connected: cluster0-shard-00-02.odwdk.mongodb.net
[2025-03-22T13:15:05.014Z] [32minfo[39m: MongoDB Connected: cluster0-shard-00-00.odwdk.mongodb.net
[2025-03-22T13:15:49.653Z] [32minfo[39m: MongoDB Connected: cluster0-shard-00-02.odwdk.mongodb.net
[2025-03-22T13:15:54.147Z] [32minfo[39m: MongoDB Connected: cluster0-shard-00-01.odwdk.mongodb.net
[2025-03-22T13:20:29.322Z] [32minfo[39m: MongoDB Connected: cluster0-shard-00-02.odwdk.mongodb.net
[2025-03-22T13:21:02.491Z] [32minfo[39m: MongoDB Connected: cluster0-shard-00-01.odwdk.mongodb.net
[2025-03-22T13:21:08.692Z] [32minfo[39m: MongoDB Connected: cluster0-shard-00-02.odwdk.mongodb.net
[2025-03-22T13:21:37.325Z] [32minfo[39m: MongoDB Connected: cluster0-shard-00-00.odwdk.mongodb.net
[2025-03-22T13:21:40.030Z] [32minfo[39m: MongoDB Connected: cluster0-shard-00-00.odwdk.mongodb.net
[2025-03-22T13:22:43.504Z] [32minfo[39m: MongoDB Connected: cluster0-shard-00-00.odwdk.mongodb.net
[2025-03-22T13:22:48.587Z] [32minfo[39m: MongoDB Connected: cluster0-shard-00-01.odwdk.mongodb.net
[2025-03-22T14:05:40.999Z] [32minfo[39m: MongoDB Connected: cluster0-shard-00-00.odwdk.mongodb.net
[2025-03-22T14:32:07.382Z] [32minfo[39m: MongoDB Connected: cluster0-shard-00-00.odwdk.mongodb.net
[2025-03-22T14:32:10.888Z] [32minfo[39m: MongoDB Connected: cluster0-shard-00-01.odwdk.mongodb.net
[2025-03-22T14:33:15.674Z] [32minfo[39m: MongoDB Connected: cluster0-shard-00-00.odwdk.mongodb.net
[2025-03-22T14:42:10.484Z] [32minfo[39m: MongoDB Connected: cluster0-shard-00-02.odwdk.mongodb.net
[2025-03-22T14:43:54.644Z] [32minfo[39m: MongoDB Connected: cluster0-shard-00-02.odwdk.mongodb.net
[2025-03-22T14:49:43.438Z] [31merror[39m: unhandledRejection: Connection.prototype.close() no longer accepts a callback
MongooseError: Connection.prototype.close() no longer accepts a callback
    at NativeConnection.close (/workspaces/Smart_Taxi_App/backend/node_modules/mongoose/lib/connection.js:1205:11)
    at process.<anonymous> (/workspaces/Smart_Taxi_App/backend/middlewares/dbDisconnectMiddleware.js:9:25)
    at process.emit (node:events:518:28)
[2025-03-22T14:49:43.445Z] [31merror[39m: unhandledRejection: Connection.prototype.close() no longer accepts a callback
MongooseError: Connection.prototype.close() no longer accepts a callback
    at NativeConnection.close (/workspaces/Smart_Taxi_App/backend/node_modules/mongoose/lib/connection.js:1205:11)
    at process.<anonymous> (/workspaces/Smart_Taxi_App/backend/middlewares/dbDisconnectMiddleware.js:9:25)
    at process.emit (node:events:518:28)
[2025-03-22T14:49:43.458Z] [31merror[39m: unhandledRejection: Connection.prototype.close() no longer accepts a callback
MongooseError: Connection.prototype.close() no longer accepts a callback
    at NativeConnection.close (/workspaces/Smart_Taxi_App/backend/node_modules/mongoose/lib/connection.js:1205:11)
    at process.<anonymous> (/workspaces/Smart_Taxi_App/backend/middlewares/dbDisconnectMiddleware.js:9:25)
    at process.emit (node:events:518:28)
[2025-03-22T14:50:28.285Z] [32minfo[39m: MongoDB Connected: cluster0-shard-00-00.odwdk.mongodb.net
[2025-03-22T15:12:19.905Z] [32minfo[39m: MongoDB Connected: cluster0-shard-00-01.odwdk.mongodb.net
[2025-03-22T15:12:41.301Z] [32minfo[39m: MongoDB Connected: cluster0-shard-00-01.odwdk.mongodb.net
[2025-03-22T15:12:53.190Z] [32minfo[39m: MongoDB Connected: cluster0-shard-00-00.odwdk.mongodb.net
[2025-03-22T15:13:20.633Z] [32minfo[39m: MongoDB Connected: cluster0-shard-00-01.odwdk.mongodb.net
[2025-03-22T15:13:31.060Z] [32minfo[39m: MongoDB Connected: cluster0-shard-00-01.odwdk.mongodb.net
[2025-03-22T15:13:41.321Z] [32minfo[39m: MongoDB Connected: cluster0-shard-00-02.odwdk.mongodb.net
[2025-03-22T15:21:41.738Z] [32minfo[39m: MongoDB Connected: cluster0-shard-00-00.odwdk.mongodb.net
[2025-03-22T15:25:46.128Z] [32minfo[39m: MongoDB Connected: cluster0-shard-00-01.odwdk.mongodb.net
[2025-03-22T15:25:50.351Z] [32minfo[39m: MongoDB Connected: cluster0-shard-00-01.odwdk.mongodb.net
[2025-03-22T15:25:59.363Z] [32minfo[39m: MongoDB Connected: cluster0-shard-00-01.odwdk.mongodb.net
[2025-03-22T15:57:11.232Z] [32minfo[39m: MongoDB Connected: cluster0-shard-00-00.odwdk.mongodb.net
[2025-03-22T16:50:41.315Z] [32minfo[39m: MongoDB Connected: cluster0-shard-00-01.odwdk.mongodb.net
[2025-03-22T17:16:17.078Z] [32minfo[39m: MongoDB Connected: cluster0-shard-00-00.odwdk.mongodb.net
[2025-03-22T17:17:05.249Z] [32minfo[39m: MongoDB Connected: cluster0-shard-00-02.odwdk.mongodb.net
[2025-03-22T17:39:28.574Z] [32minfo[39m: MongoDB Connected: cluster0-shard-00-00.odwdk.mongodb.net
