[2025-03-19T12:34:58.731Z] [31merror[39m: uncaughtException: Route.post() requires a callback function but got a [object Object]
Error: Route.post() requires a callback function but got a [object Object]
    at Route.<computed> [as post] (/workspaces/Smart_Taxi_App/backend/node_modules/express/lib/router/route.js:216:15)
    at proto.<computed> [as post] (/workspaces/Smart_Taxi_App/backend/node_modules/express/lib/router/index.js:521:19)
    at Object.<anonymous> (/workspaces/Smart_Taxi_App/backend/routes/rideRequestRoutes.js:6:8)
    at Module._compile (node:internal/modules/cjs/loader:1469:14)
    at Module._extensions..js (node:internal/modules/cjs/loader:1548:10)
    at Module.load (node:internal/modules/cjs/loader:1288:32)
    at Module._load (node:internal/modules/cjs/loader:1104:12)
    at Module.require (node:internal/modules/cjs/loader:1311:19)
    at require (node:internal/modules/helpers:179:18)
    at Object.<anonymous> (/workspaces/Smart_Taxi_App/backend/server.js:18:27)
[2025-03-19T12:35:29.376Z] [31merror[39m: uncaughtException: Route.post() requires a callback function but got a [object Object]
Error: Route.post() requires a callback function but got a [object Object]
    at Route.<computed> [as post] (/workspaces/Smart_Taxi_App/backend/node_modules/express/lib/router/route.js:216:15)
    at proto.<computed> [as post] (/workspaces/Smart_Taxi_App/backend/node_modules/express/lib/router/index.js:521:19)
    at Object.<anonymous> (/workspaces/Smart_Taxi_App/backend/routes/rideRequestRoutes.js:6:8)
    at Module._compile (node:internal/modules/cjs/loader:1469:14)
    at Module._extensions..js (node:internal/modules/cjs/loader:1548:10)
    at Module.load (node:internal/modules/cjs/loader:1288:32)
    at Module._load (node:internal/modules/cjs/loader:1104:12)
    at Module.require (node:internal/modules/cjs/loader:1311:19)
    at require (node:internal/modules/helpers:179:18)
    at Object.<anonymous> (/workspaces/Smart_Taxi_App/backend/server.js:18:27)
[2025-03-19T12:43:08.131Z] [31merror[39m: uncaughtException: missing ) after argument list
/workspaces/Smart_Taxi_App/backend/routes/rideRequestRoutes.js:6
router.post('/request', protect rideRequestController.requestRide);
                        ^^^^^^^

SyntaxError: missing ) after argument list
    at wrapSafe (node:internal/modules/cjs/loader:1378:20)
    at Module._compile (node:internal/modules/cjs/loader:1428:41)
    at Module._extensions..js (node:internal/modules/cjs/loader:1548:10)
    at Module.load (node:internal/modules/cjs/loader:1288:32)
    at Module._load (node:internal/modules/cjs/loader:1104:12)
    at Module.require (node:internal/modules/cjs/loader:1311:19)
    at require (node:internal/modules/helpers:179:18)
    at Object.<anonymous> (/workspaces/Smart_Taxi_App/backend/server.js:18:27)
    at Module._compile (node:internal/modules/cjs/loader:1469:14)
    at Module._extensions..js (node:internal/modules/cjs/loader:1548:10)
[2025-03-19T12:56:20.131Z] [31merror[39m: uncaughtException: Cannot find module '../so'
Require stack:
- /workspaces/Smart_Taxi_App/backend/controllers/rideRequestController.js
- /workspaces/Smart_Taxi_App/backend/routes/rideRequestRoutes.js
- /workspaces/Smart_Taxi_App/backend/server.js
Error: Cannot find module '../so'
Require stack:
- /workspaces/Smart_Taxi_App/backend/controllers/rideRequestController.js
- /workspaces/Smart_Taxi_App/backend/routes/rideRequestRoutes.js
- /workspaces/Smart_Taxi_App/backend/server.js
    at Module._resolveFilename (node:internal/modules/cjs/loader:1225:15)
    at Module._load (node:internal/modules/cjs/loader:1051:27)
    at Module.require (node:internal/modules/cjs/loader:1311:19)
    at require (node:internal/modules/helpers:179:18)
    at Object.<anonymous> (/workspaces/Smart_Taxi_App/backend/controllers/rideRequestController.js:3:16)
    at Module._compile (node:internal/modules/cjs/loader:1469:14)
    at Module._extensions..js (node:internal/modules/cjs/loader:1548:10)
    at Module.load (node:internal/modules/cjs/loader:1288:32)
    at Module._load (node:internal/modules/cjs/loader:1104:12)
    at Module.require (node:internal/modules/cjs/loader:1311:19)
[2025-03-19T13:07:18.170Z] [31merror[39m: uncaughtException: initializeSocket is not a function
TypeError: initializeSocket is not a function
    at Object.<anonymous> (/workspaces/Smart_Taxi_App/backend/server.js:33:34)
    at Module._compile (node:internal/modules/cjs/loader:1469:14)
    at Module._extensions..js (node:internal/modules/cjs/loader:1548:10)
    at Module.load (node:internal/modules/cjs/loader:1288:32)
    at Module._load (node:internal/modules/cjs/loader:1104:12)
    at Function.executeUserEntryPoint [as runMain] (node:internal/modules/run_main:173:12)
    at node:internal/main/run_main_module:28:49
[2025-03-19T13:10:21.147Z] [31merror[39m: uncaughtException: io is not defined
ReferenceError: io is not defined
    at Object.<anonymous> (/workspaces/Smart_Taxi_App/backend/server.js:61:28)
    at Module._compile (node:internal/modules/cjs/loader:1469:14)
    at Module._extensions..js (node:internal/modules/cjs/loader:1548:10)
    at Module.load (node:internal/modules/cjs/loader:1288:32)
    at Module._load (node:internal/modules/cjs/loader:1104:12)
    at Function.executeUserEntryPoint [as runMain] (node:internal/modules/run_main:173:12)
    at node:internal/main/run_main_module:28:49
[2025-03-19T13:11:56.161Z] [31merror[39m: uncaughtException: io is not defined
ReferenceError: io is not defined
    at Object.<anonymous> (/workspaces/Smart_Taxi_App/backend/server.js:61:28)
    at Module._compile (node:internal/modules/cjs/loader:1469:14)
    at Module._extensions..js (node:internal/modules/cjs/loader:1548:10)
    at Module.load (node:internal/modules/cjs/loader:1288:32)
    at Module._load (node:internal/modules/cjs/loader:1104:12)
    at Function.executeUserEntryPoint [as runMain] (node:internal/modules/run_main:173:12)
    at node:internal/main/run_main_module:28:49
[2025-03-19T13:12:04.221Z] [31merror[39m: uncaughtException: io is not defined
ReferenceError: io is not defined
    at Object.<anonymous> (/workspaces/Smart_Taxi_App/backend/server.js:61:28)
    at Module._compile (node:internal/modules/cjs/loader:1469:14)
    at Module._extensions..js (node:internal/modules/cjs/loader:1548:10)
    at Module.load (node:internal/modules/cjs/loader:1288:32)
    at Module._load (node:internal/modules/cjs/loader:1104:12)
    at Function.executeUserEntryPoint [as runMain] (node:internal/modules/run_main:173:12)
    at node:internal/main/run_main_module:28:49
[2025-03-19T13:12:10.691Z] [31merror[39m: uncaughtException: io is not defined
ReferenceError: io is not defined
    at Object.<anonymous> (/workspaces/Smart_Taxi_App/backend/server.js:61:28)
    at Module._compile (node:internal/modules/cjs/loader:1469:14)
    at Module._extensions..js (node:internal/modules/cjs/loader:1548:10)
    at Module.load (node:internal/modules/cjs/loader:1288:32)
    at Module._load (node:internal/modules/cjs/loader:1104:12)
    at Function.executeUserEntryPoint [as runMain] (node:internal/modules/run_main:173:12)
    at node:internal/main/run_main_module:28:49
[2025-03-19T13:16:17.184Z] [31merror[39m: uncaughtException: await is only valid in async functions and the top level bodies of modules
/workspaces/Smart_Taxi_App/backend/controllers/rideRequestController.js:9
    const nearestTaxi = await Taxi.findOne({ status: 'roaming' }).sort({ updatedAt: 1 });
                        ^^^^^

SyntaxError: await is only valid in async functions and the top level bodies of modules
    at wrapSafe (node:internal/modules/cjs/loader:1378:20)
    at Module._compile (node:internal/modules/cjs/loader:1428:41)
    at Module._extensions..js (node:internal/modules/cjs/loader:1548:10)
    at Module.load (node:internal/modules/cjs/loader:1288:32)
    at Module._load (node:internal/modules/cjs/loader:1104:12)
    at Module.require (node:internal/modules/cjs/loader:1311:19)
    at require (node:internal/modules/helpers:179:18)
    at Object.<anonymous> (/workspaces/Smart_Taxi_App/backend/routes/rideRequestRoutes.js:3:31)
    at Module._compile (node:internal/modules/cjs/loader:1469:14)
    at Module._extensions..js (node:internal/modules/cjs/loader:1548:10)
[2025-03-19T13:16:26.289Z] [31merror[39m: uncaughtException: await is only valid in async functions and the top level bodies of modules
/workspaces/Smart_Taxi_App/backend/controllers/rideRequestController.js:9
    const nearestTaxi = await Taxi.findOne({ status: 'roaming' }).sort({ updatedAt: 1 });
                        ^^^^^

SyntaxError: await is only valid in async functions and the top level bodies of modules
    at wrapSafe (node:internal/modules/cjs/loader:1378:20)
    at Module._compile (node:internal/modules/cjs/loader:1428:41)
    at Module._extensions..js (node:internal/modules/cjs/loader:1548:10)
    at Module.load (node:internal/modules/cjs/loader:1288:32)
    at Module._load (node:internal/modules/cjs/loader:1104:12)
    at Module.require (node:internal/modules/cjs/loader:1311:19)
    at require (node:internal/modules/helpers:179:18)
    at Object.<anonymous> (/workspaces/Smart_Taxi_App/backend/routes/rideRequestRoutes.js:3:31)
    at Module._compile (node:internal/modules/cjs/loader:1469:14)
    at Module._extensions..js (node:internal/modules/cjs/loader:1548:10)
[2025-03-19T13:16:31.097Z] [31merror[39m: uncaughtException: await is only valid in async functions and the top level bodies of modules
/workspaces/Smart_Taxi_App/backend/controllers/rideRequestController.js:9
    const nearestTaxi = await Taxi.findOne({ status: 'roaming' }).sort({ updatedAt: 1 });
                        ^^^^^

SyntaxError: await is only valid in async functions and the top level bodies of modules
    at wrapSafe (node:internal/modules/cjs/loader:1378:20)
    at Module._compile (node:internal/modules/cjs/loader:1428:41)
    at Module._extensions..js (node:internal/modules/cjs/loader:1548:10)
    at Module.load (node:internal/modules/cjs/loader:1288:32)
    at Module._load (node:internal/modules/cjs/loader:1104:12)
    at Module.require (node:internal/modules/cjs/loader:1311:19)
    at require (node:internal/modules/helpers:179:18)
    at Object.<anonymous> (/workspaces/Smart_Taxi_App/backend/routes/rideRequestRoutes.js:3:31)
    at Module._compile (node:internal/modules/cjs/loader:1469:14)
    at Module._extensions..js (node:internal/modules/cjs/loader:1548:10)
[2025-03-19T13:16:34.838Z] [31merror[39m: uncaughtException: await is only valid in async functions and the top level bodies of modules
/workspaces/Smart_Taxi_App/backend/controllers/rideRequestController.js:9
    const nearestTaxi = await Taxi.findOne({ status: 'roaming' }).sort({ updatedAt: 1 });
                        ^^^^^

SyntaxError: await is only valid in async functions and the top level bodies of modules
    at wrapSafe (node:internal/modules/cjs/loader:1378:20)
    at Module._compile (node:internal/modules/cjs/loader:1428:41)
    at Module._extensions..js (node:internal/modules/cjs/loader:1548:10)
    at Module.load (node:internal/modules/cjs/loader:1288:32)
    at Module._load (node:internal/modules/cjs/loader:1104:12)
    at Module.require (node:internal/modules/cjs/loader:1311:19)
    at require (node:internal/modules/helpers:179:18)
    at Object.<anonymous> (/workspaces/Smart_Taxi_App/backend/routes/rideRequestRoutes.js:3:31)
    at Module._compile (node:internal/modules/cjs/loader:1469:14)
    at Module._extensions..js (node:internal/modules/cjs/loader:1548:10)
[2025-03-19T13:16:38.063Z] [31merror[39m: uncaughtException: await is only valid in async functions and the top level bodies of modules
/workspaces/Smart_Taxi_App/backend/controllers/rideRequestController.js:8
    const nearestTaxi = await Taxi.findOne({ status: 'roaming' }).sort({ updatedAt: 1 });
                        ^^^^^

SyntaxError: await is only valid in async functions and the top level bodies of modules
    at wrapSafe (node:internal/modules/cjs/loader:1378:20)
    at Module._compile (node:internal/modules/cjs/loader:1428:41)
    at Module._extensions..js (node:internal/modules/cjs/loader:1548:10)
    at Module.load (node:internal/modules/cjs/loader:1288:32)
    at Module._load (node:internal/modules/cjs/loader:1104:12)
    at Module.require (node:internal/modules/cjs/loader:1311:19)
    at require (node:internal/modules/helpers:179:18)
    at Object.<anonymous> (/workspaces/Smart_Taxi_App/backend/routes/rideRequestRoutes.js:3:31)
    at Module._compile (node:internal/modules/cjs/loader:1469:14)
    at Module._extensions..js (node:internal/modules/cjs/loader:1548:10)
[2025-03-19T13:16:43.833Z] [31merror[39m: uncaughtException: await is only valid in async functions and the top level bodies of modules
/workspaces/Smart_Taxi_App/backend/controllers/rideRequestController.js:7
    const nearestTaxi = await Taxi.findOne({ status: 'roaming' }).sort({ updatedAt: 1 });
                        ^^^^^

SyntaxError: await is only valid in async functions and the top level bodies of modules
    at wrapSafe (node:internal/modules/cjs/loader:1378:20)
    at Module._compile (node:internal/modules/cjs/loader:1428:41)
    at Module._extensions..js (node:internal/modules/cjs/loader:1548:10)
    at Module.load (node:internal/modules/cjs/loader:1288:32)
    at Module._load (node:internal/modules/cjs/loader:1104:12)
    at Module.require (node:internal/modules/cjs/loader:1311:19)
    at require (node:internal/modules/helpers:179:18)
    at Object.<anonymous> (/workspaces/Smart_Taxi_App/backend/routes/rideRequestRoutes.js:3:31)
    at Module._compile (node:internal/modules/cjs/loader:1469:14)
    at Module._extensions..js (node:internal/modules/cjs/loader:1548:10)
[2025-03-19T13:16:46.768Z] [31merror[39m: uncaughtException: await is only valid in async functions and the top level bodies of modules
/workspaces/Smart_Taxi_App/backend/controllers/rideRequestController.js:6
    const nearestTaxi = await Taxi.findOne({ status: 'roaming' }).sort({ updatedAt: 1 });
                        ^^^^^

SyntaxError: await is only valid in async functions and the top level bodies of modules
    at wrapSafe (node:internal/modules/cjs/loader:1378:20)
    at Module._compile (node:internal/modules/cjs/loader:1428:41)
    at Module._extensions..js (node:internal/modules/cjs/loader:1548:10)
    at Module.load (node:internal/modules/cjs/loader:1288:32)
    at Module._load (node:internal/modules/cjs/loader:1104:12)
    at Module.require (node:internal/modules/cjs/loader:1311:19)
    at require (node:internal/modules/helpers:179:18)
    at Object.<anonymous> (/workspaces/Smart_Taxi_App/backend/routes/rideRequestRoutes.js:3:31)
    at Module._compile (node:internal/modules/cjs/loader:1469:14)
    at Module._extensions..js (node:internal/modules/cjs/loader:1548:10)
[2025-03-19T13:16:54.852Z] [31merror[39m: uncaughtException: await is only valid in async functions and the top level bodies of modules
/workspaces/Smart_Taxi_App/backend/controllers/rideRequestController.js:20
    await rideRequest.save();
    ^^^^^

SyntaxError: await is only valid in async functions and the top level bodies of modules
    at wrapSafe (node:internal/modules/cjs/loader:1378:20)
    at Module._compile (node:internal/modules/cjs/loader:1428:41)
    at Module._extensions..js (node:internal/modules/cjs/loader:1548:10)
    at Module.load (node:internal/modules/cjs/loader:1288:32)
    at Module._load (node:internal/modules/cjs/loader:1104:12)
    at Module.require (node:internal/modules/cjs/loader:1311:19)
    at require (node:internal/modules/helpers:179:18)
    at Object.<anonymous> (/workspaces/Smart_Taxi_App/backend/routes/rideRequestRoutes.js:3:31)
    at Module._compile (node:internal/modules/cjs/loader:1469:14)
    at Module._extensions..js (node:internal/modules/cjs/loader:1548:10)
[2025-03-19T13:17:04.293Z] [31merror[39m: uncaughtException: Unexpected token '}'
/workspaces/Smart_Taxi_App/backend/controllers/rideRequestController.js:8
    }
    ^

SyntaxError: Unexpected token '}'
    at wrapSafe (node:internal/modules/cjs/loader:1378:20)
    at Module._compile (node:internal/modules/cjs/loader:1428:41)
    at Module._extensions..js (node:internal/modules/cjs/loader:1548:10)
    at Module.load (node:internal/modules/cjs/loader:1288:32)
    at Module._load (node:internal/modules/cjs/loader:1104:12)
    at Module.require (node:internal/modules/cjs/loader:1311:19)
    at require (node:internal/modules/helpers:179:18)
    at Object.<anonymous> (/workspaces/Smart_Taxi_App/backend/routes/rideRequestRoutes.js:3:31)
    at Module._compile (node:internal/modules/cjs/loader:1469:14)
    at Module._extensions..js (node:internal/modules/cjs/loader:1548:10)
[2025-03-19T13:17:07.658Z] [31merror[39m: uncaughtException: Unexpected token '}'
/workspaces/Smart_Taxi_App/backend/controllers/rideRequestController.js:7
    }
    ^

SyntaxError: Unexpected token '}'
    at wrapSafe (node:internal/modules/cjs/loader:1378:20)
    at Module._compile (node:internal/modules/cjs/loader:1428:41)
    at Module._extensions..js (node:internal/modules/cjs/loader:1548:10)
    at Module.load (node:internal/modules/cjs/loader:1288:32)
    at Module._load (node:internal/modules/cjs/loader:1104:12)
    at Module.require (node:internal/modules/cjs/loader:1311:19)
    at require (node:internal/modules/helpers:179:18)
    at Object.<anonymous> (/workspaces/Smart_Taxi_App/backend/routes/rideRequestRoutes.js:3:31)
    at Module._compile (node:internal/modules/cjs/loader:1469:14)
    at Module._extensions..js (node:internal/modules/cjs/loader:1548:10)
[2025-03-19T13:17:10.650Z] [31merror[39m: uncaughtException: await is only valid in async functions and the top level bodies of modules
/workspaces/Smart_Taxi_App/backend/controllers/rideRequestController.js:18
    await rideRequest.save();
    ^^^^^

SyntaxError: await is only valid in async functions and the top level bodies of modules
    at wrapSafe (node:internal/modules/cjs/loader:1378:20)
    at Module._compile (node:internal/modules/cjs/loader:1428:41)
    at Module._extensions..js (node:internal/modules/cjs/loader:1548:10)
    at Module.load (node:internal/modules/cjs/loader:1288:32)
    at Module._load (node:internal/modules/cjs/loader:1104:12)
    at Module.require (node:internal/modules/cjs/loader:1311:19)
    at require (node:internal/modules/helpers:179:18)
    at Object.<anonymous> (/workspaces/Smart_Taxi_App/backend/routes/rideRequestRoutes.js:3:31)
    at Module._compile (node:internal/modules/cjs/loader:1469:14)
    at Module._extensions..js (node:internal/modules/cjs/loader:1548:10)
[2025-03-19T13:17:13.240Z] [31merror[39m: uncaughtException: Unexpected token ':'
/workspaces/Smart_Taxi_App/backend/controllers/rideRequestController.js:10
      assignedTaxiId: nearestTaxi._id,
                    ^

SyntaxError: Unexpected token ':'
    at wrapSafe (node:internal/modules/cjs/loader:1378:20)
    at Module._compile (node:internal/modules/cjs/loader:1428:41)
    at Module._extensions..js (node:internal/modules/cjs/loader:1548:10)
    at Module.load (node:internal/modules/cjs/loader:1288:32)
    at Module._load (node:internal/modules/cjs/loader:1104:12)
    at Module.require (node:internal/modules/cjs/loader:1311:19)
    at require (node:internal/modules/helpers:179:18)
    at Object.<anonymous> (/workspaces/Smart_Taxi_App/backend/routes/rideRequestRoutes.js:3:31)
    at Module._compile (node:internal/modules/cjs/loader:1469:14)
    at Module._extensions..js (node:internal/modules/cjs/loader:1548:10)
[2025-03-19T13:17:15.984Z] [31merror[39m: uncaughtException: Unexpected token ':'
/workspaces/Smart_Taxi_App/backend/controllers/rideRequestController.js:10
      assignedBy: 'system',
                ^

SyntaxError: Unexpected token ':'
    at wrapSafe (node:internal/modules/cjs/loader:1378:20)
    at Module._compile (node:internal/modules/cjs/loader:1428:41)
    at Module._extensions..js (node:internal/modules/cjs/loader:1548:10)
    at Module.load (node:internal/modules/cjs/loader:1288:32)
    at Module._load (node:internal/modules/cjs/loader:1104:12)
    at Module.require (node:internal/modules/cjs/loader:1311:19)
    at require (node:internal/modules/helpers:179:18)
    at Object.<anonymous> (/workspaces/Smart_Taxi_App/backend/routes/rideRequestRoutes.js:3:31)
    at Module._compile (node:internal/modules/cjs/loader:1469:14)
    at Module._extensions..js (node:internal/modules/cjs/loader:1548:10)
[2025-03-19T13:17:27.127Z] [31merror[39m: uncaughtException: Unexpected token ':'
/workspaces/Smart_Taxi_App/backend/controllers/rideRequestController.js:10
      assignedBy: 'system',
                ^

SyntaxError: Unexpected token ':'
    at wrapSafe (node:internal/modules/cjs/loader:1378:20)
    at Module._compile (node:internal/modules/cjs/loader:1428:41)
    at Module._extensions..js (node:internal/modules/cjs/loader:1548:10)
    at Module.load (node:internal/modules/cjs/loader:1288:32)
    at Module._load (node:internal/modules/cjs/loader:1104:12)
    at Module.require (node:internal/modules/cjs/loader:1311:19)
    at require (node:internal/modules/helpers:179:18)
    at Object.<anonymous> (/workspaces/Smart_Taxi_App/backend/routes/rideRequestRoutes.js:3:31)
    at Module._compile (node:internal/modules/cjs/loader:1469:14)
    at Module._extensions..js (node:internal/modules/cjs/loader:1548:10)
[2025-03-19T13:17:32.883Z] [31merror[39m: uncaughtException: Unexpected token ':'
/workspaces/Smart_Taxi_App/backend/controllers/rideRequestController.js:10
      assignedBy: 'system',
                ^

SyntaxError: Unexpected token ':'
    at wrapSafe (node:internal/modules/cjs/loader:1378:20)
    at Module._compile (node:internal/modules/cjs/loader:1428:41)
    at Module._extensions..js (node:internal/modules/cjs/loader:1548:10)
    at Module.load (node:internal/modules/cjs/loader:1288:32)
    at Module._load (node:internal/modules/cjs/loader:1104:12)
    at Module.require (node:internal/modules/cjs/loader:1311:19)
    at require (node:internal/modules/helpers:179:18)
    at Object.<anonymous> (/workspaces/Smart_Taxi_App/backend/routes/rideRequestRoutes.js:3:31)
    at Module._compile (node:internal/modules/cjs/loader:1469:14)
    at Module._extensions..js (node:internal/modules/cjs/loader:1548:10)
[2025-03-19T13:17:35.036Z] [31merror[39m: uncaughtException: Unexpected token ':'
/workspaces/Smart_Taxi_App/backend/controllers/rideRequestController.js:10
      assignedBy: 'system',
                ^

SyntaxError: Unexpected token ':'
    at wrapSafe (node:internal/modules/cjs/loader:1378:20)
    at Module._compile (node:internal/modules/cjs/loader:1428:41)
    at Module._extensions..js (node:internal/modules/cjs/loader:1548:10)
    at Module.load (node:internal/modules/cjs/loader:1288:32)
    at Module._load (node:internal/modules/cjs/loader:1104:12)
    at Module.require (node:internal/modules/cjs/loader:1311:19)
    at require (node:internal/modules/helpers:179:18)
    at Object.<anonymous> (/workspaces/Smart_Taxi_App/backend/routes/rideRequestRoutes.js:3:31)
    at Module._compile (node:internal/modules/cjs/loader:1469:14)
    at Module._extensions..js (node:internal/modules/cjs/loader:1548:10)
[2025-03-19T13:17:39.570Z] [31merror[39m: uncaughtException: Unexpected token ':'
/workspaces/Smart_Taxi_App/backend/controllers/rideRequestController.js:10
      assignedBy: 'system',
                ^

SyntaxError: Unexpected token ':'
    at wrapSafe (node:internal/modules/cjs/loader:1378:20)
    at Module._compile (node:internal/modules/cjs/loader:1428:41)
    at Module._extensions..js (node:internal/modules/cjs/loader:1548:10)
    at Module.load (node:internal/modules/cjs/loader:1288:32)
    at Module._load (node:internal/modules/cjs/loader:1104:12)
    at Module.require (node:internal/modules/cjs/loader:1311:19)
    at require (node:internal/modules/helpers:179:18)
    at Object.<anonymous> (/workspaces/Smart_Taxi_App/backend/routes/rideRequestRoutes.js:3:31)
    at Module._compile (node:internal/modules/cjs/loader:1469:14)
    at Module._extensions..js (node:internal/modules/cjs/loader:1548:10)
[2025-03-19T13:18:11.516Z] [31merror[39m: uncaughtException: Route.post() requires a callback function but got a [object Undefined]
Error: Route.post() requires a callback function but got a [object Undefined]
    at Route.<computed> [as post] (/workspaces/Smart_Taxi_App/backend/node_modules/express/lib/router/route.js:216:15)
    at proto.<computed> [as post] (/workspaces/Smart_Taxi_App/backend/node_modules/express/lib/router/index.js:521:19)
    at Object.<anonymous> (/workspaces/Smart_Taxi_App/backend/routes/rideRequestRoutes.js:6:8)
    at Module._compile (node:internal/modules/cjs/loader:1469:14)
    at Module._extensions..js (node:internal/modules/cjs/loader:1548:10)
    at Module.load (node:internal/modules/cjs/loader:1288:32)
    at Module._load (node:internal/modules/cjs/loader:1104:12)
    at Module.require (node:internal/modules/cjs/loader:1311:19)
    at require (node:internal/modules/helpers:179:18)
    at Object.<anonymous> (/workspaces/Smart_Taxi_App/backend/server.js:18:27)
[2025-03-19T13:18:23.054Z] [31merror[39m: uncaughtException: Route.post() requires a callback function but got a [object Undefined]
Error: Route.post() requires a callback function but got a [object Undefined]
    at Route.<computed> [as post] (/workspaces/Smart_Taxi_App/backend/node_modules/express/lib/router/route.js:216:15)
    at proto.<computed> [as post] (/workspaces/Smart_Taxi_App/backend/node_modules/express/lib/router/index.js:521:19)
    at Object.<anonymous> (/workspaces/Smart_Taxi_App/backend/routes/rideRequestRoutes.js:6:8)
    at Module._compile (node:internal/modules/cjs/loader:1469:14)
    at Module._extensions..js (node:internal/modules/cjs/loader:1548:10)
    at Module.load (node:internal/modules/cjs/loader:1288:32)
    at Module._load (node:internal/modules/cjs/loader:1104:12)
    at Module.require (node:internal/modules/cjs/loader:1311:19)
    at require (node:internal/modules/helpers:179:18)
    at Object.<anonymous> (/workspaces/Smart_Taxi_App/backend/server.js:18:27)
[2025-03-19T13:18:25.676Z] [31merror[39m: uncaughtException: Route.post() requires a callback function but got a [object Undefined]
Error: Route.post() requires a callback function but got a [object Undefined]
    at Route.<computed> [as post] (/workspaces/Smart_Taxi_App/backend/node_modules/express/lib/router/route.js:216:15)
    at proto.<computed> [as post] (/workspaces/Smart_Taxi_App/backend/node_modules/express/lib/router/index.js:521:19)
    at Object.<anonymous> (/workspaces/Smart_Taxi_App/backend/routes/rideRequestRoutes.js:6:8)
    at Module._compile (node:internal/modules/cjs/loader:1469:14)
    at Module._extensions..js (node:internal/modules/cjs/loader:1548:10)
    at Module.load (node:internal/modules/cjs/loader:1288:32)
    at Module._load (node:internal/modules/cjs/loader:1104:12)
    at Module.require (node:internal/modules/cjs/loader:1311:19)
    at require (node:internal/modules/helpers:179:18)
    at Object.<anonymous> (/workspaces/Smart_Taxi_App/backend/server.js:18:27)
[2025-03-19T13:18:49.261Z] [31merror[39m: uncaughtException: Cannot find module '../socketManager'
Require stack:
- /workspaces/Smart_Taxi_App/backend/controllers/rideRequestController.js
- /workspaces/Smart_Taxi_App/backend/routes/rideRequestRoutes.js
- /workspaces/Smart_Taxi_App/backend/server.js
Error: Cannot find module '../socketManager'
Require stack:
- /workspaces/Smart_Taxi_App/backend/controllers/rideRequestController.js
- /workspaces/Smart_Taxi_App/backend/routes/rideRequestRoutes.js
- /workspaces/Smart_Taxi_App/backend/server.js
    at Module._resolveFilename (node:internal/modules/cjs/loader:1225:15)
    at Module._load (node:internal/modules/cjs/loader:1051:27)
    at Module.require (node:internal/modules/cjs/loader:1311:19)
    at require (node:internal/modules/helpers:179:18)
    at Object.<anonymous> (/workspaces/Smart_Taxi_App/backend/controllers/rideRequestController.js:5:33)
    at Module._compile (node:internal/modules/cjs/loader:1469:14)
    at Module._extensions..js (node:internal/modules/cjs/loader:1548:10)
    at Module.load (node:internal/modules/cjs/loader:1288:32)
    at Module._load (node:internal/modules/cjs/loader:1104:12)
    at Module.require (node:internal/modules/cjs/loader:1311:19)
[2025-03-19T13:35:47.082Z] [31merror[39m: uncaughtException: authMiddleware is not defined
ReferenceError: authMiddleware is not defined
    at Object.<anonymous> (/workspaces/Smart_Taxi_App/backend/routes/rideRequestRoutes.js:7:25)
    at Module._compile (node:internal/modules/cjs/loader:1469:14)
    at Module._extensions..js (node:internal/modules/cjs/loader:1548:10)
    at Module.load (node:internal/modules/cjs/loader:1288:32)
    at Module._load (node:internal/modules/cjs/loader:1104:12)
    at Module.require (node:internal/modules/cjs/loader:1311:19)
    at require (node:internal/modules/helpers:179:18)
    at Object.<anonymous> (/workspaces/Smart_Taxi_App/backend/server.js:18:27)
    at Module._compile (node:internal/modules/cjs/loader:1469:14)
    at Module._extensions..js (node:internal/modules/cjs/loader:1548:10)
[2025-03-19T13:35:53.127Z] [31merror[39m: uncaughtException: a is not defined
ReferenceError: a is not defined
    at Object.<anonymous> (/workspaces/Smart_Taxi_App/backend/routes/rideRequestRoutes.js:7:25)
    at Module._compile (node:internal/modules/cjs/loader:1469:14)
    at Module._extensions..js (node:internal/modules/cjs/loader:1548:10)
    at Module.load (node:internal/modules/cjs/loader:1288:32)
    at Module._load (node:internal/modules/cjs/loader:1104:12)
    at Module.require (node:internal/modules/cjs/loader:1311:19)
    at require (node:internal/modules/helpers:179:18)
    at Object.<anonymous> (/workspaces/Smart_Taxi_App/backend/server.js:18:27)
    at Module._compile (node:internal/modules/cjs/loader:1469:14)
    at Module._extensions..js (node:internal/modules/cjs/loader:1548:10)
[2025-03-19T13:35:55.382Z] [31merror[39m: uncaughtException: p is not defined
ReferenceError: p is not defined
    at Object.<anonymous> (/workspaces/Smart_Taxi_App/backend/routes/rideRequestRoutes.js:7:25)
    at Module._compile (node:internal/modules/cjs/loader:1469:14)
    at Module._extensions..js (node:internal/modules/cjs/loader:1548:10)
    at Module.load (node:internal/modules/cjs/loader:1288:32)
    at Module._load (node:internal/modules/cjs/loader:1104:12)
    at Module.require (node:internal/modules/cjs/loader:1311:19)
    at require (node:internal/modules/helpers:179:18)
    at Object.<anonymous> (/workspaces/Smart_Taxi_App/backend/server.js:18:27)
    at Module._compile (node:internal/modules/cjs/loader:1469:14)
    at Module._extensions..js (node:internal/modules/cjs/loader:1548:10)
[2025-03-19T13:35:57.323Z] [31merror[39m: uncaughtException: pro is not defined
ReferenceError: pro is not defined
    at Object.<anonymous> (/workspaces/Smart_Taxi_App/backend/routes/rideRequestRoutes.js:7:25)
    at Module._compile (node:internal/modules/cjs/loader:1469:14)
    at Module._extensions..js (node:internal/modules/cjs/loader:1548:10)
    at Module.load (node:internal/modules/cjs/loader:1288:32)
    at Module._load (node:internal/modules/cjs/loader:1104:12)
    at Module.require (node:internal/modules/cjs/loader:1311:19)
    at require (node:internal/modules/helpers:179:18)
    at Object.<anonymous> (/workspaces/Smart_Taxi_App/backend/server.js:18:27)
    at Module._compile (node:internal/modules/cjs/loader:1469:14)
    at Module._extensions..js (node:internal/modules/cjs/loader:1548:10)
[2025-03-19T14:55:33.826Z] [31merror[39m: uncaughtException: protectr is not defined
ReferenceError: protectr is not defined
    at Object.<anonymous> (/workspaces/Smart_Taxi_App/backend/routes/rideRequestRoutes.js:10:25)
    at Module._compile (node:internal/modules/cjs/loader:1469:14)
    at Module._extensions..js (node:internal/modules/cjs/loader:1548:10)
    at Module.load (node:internal/modules/cjs/loader:1288:32)
    at Module._load (node:internal/modules/cjs/loader:1104:12)
    at Module.require (node:internal/modules/cjs/loader:1311:19)
    at require (node:internal/modules/helpers:179:18)
    at Object.<anonymous> (/workspaces/Smart_Taxi_App/backend/server.js:18:27)
    at Module._compile (node:internal/modules/cjs/loader:1469:14)
    at Module._extensions..js (node:internal/modules/cjs/loader:1548:10)
[2025-03-19T15:22:14.103Z] [31merror[39m: uncaughtException: authenticate is not defined
ReferenceError: authenticate is not defined
    at Object.<anonymous> (/workspaces/Smart_Taxi_App/backend/routes/taxiRoutes.js:16:31)
    at Module._compile (node:internal/modules/cjs/loader:1469:14)
    at Module._extensions..js (node:internal/modules/cjs/loader:1548:10)
    at Module.load (node:internal/modules/cjs/loader:1288:32)
    at Module._load (node:internal/modules/cjs/loader:1104:12)
    at Module.require (node:internal/modules/cjs/loader:1311:19)
    at require (node:internal/modules/helpers:179:18)
    at Object.<anonymous> (/workspaces/Smart_Taxi_App/backend/server.js:16:20)
    at Module._compile (node:internal/modules/cjs/loader:1469:14)
    at Module._extensions..js (node:internal/modules/cjs/loader:1548:10)
[2025-03-19T15:22:24.953Z] [31merror[39m: uncaughtException: authenticate is not defined
ReferenceError: authenticate is not defined
    at Object.<anonymous> (/workspaces/Smart_Taxi_App/backend/routes/taxiRoutes.js:16:31)
    at Module._compile (node:internal/modules/cjs/loader:1469:14)
    at Module._extensions..js (node:internal/modules/cjs/loader:1548:10)
    at Module.load (node:internal/modules/cjs/loader:1288:32)
    at Module._load (node:internal/modules/cjs/loader:1104:12)
    at Module.require (node:internal/modules/cjs/loader:1311:19)
    at require (node:internal/modules/helpers:179:18)
    at Object.<anonymous> (/workspaces/Smart_Taxi_App/backend/server.js:16:20)
    at Module._compile (node:internal/modules/cjs/loader:1469:14)
    at Module._extensions..js (node:internal/modules/cjs/loader:1548:10)
[2025-03-19T15:22:26.625Z] [31merror[39m: uncaughtException: authenticate is not defined
ReferenceError: authenticate is not defined
    at Object.<anonymous> (/workspaces/Smart_Taxi_App/backend/routes/taxiRoutes.js:16:31)
    at Module._compile (node:internal/modules/cjs/loader:1469:14)
    at Module._extensions..js (node:internal/modules/cjs/loader:1548:10)
    at Module.load (node:internal/modules/cjs/loader:1288:32)
    at Module._load (node:internal/modules/cjs/loader:1104:12)
    at Module.require (node:internal/modules/cjs/loader:1311:19)
    at require (node:internal/modules/helpers:179:18)
    at Object.<anonymous> (/workspaces/Smart_Taxi_App/backend/server.js:16:20)
    at Module._compile (node:internal/modules/cjs/loader:1469:14)
    at Module._extensions..js (node:internal/modules/cjs/loader:1548:10)
[2025-03-19T15:22:45.141Z] [31merror[39m: uncaughtException: au is not defined
ReferenceError: au is not defined
    at Object.<anonymous> (/workspaces/Smart_Taxi_App/backend/routes/taxiRoutes.js:16:31)
    at Module._compile (node:internal/modules/cjs/loader:1469:14)
    at Module._extensions..js (node:internal/modules/cjs/loader:1548:10)
    at Module.load (node:internal/modules/cjs/loader:1288:32)
    at Module._load (node:internal/modules/cjs/loader:1104:12)
    at Module.require (node:internal/modules/cjs/loader:1311:19)
    at require (node:internal/modules/helpers:179:18)
    at Object.<anonymous> (/workspaces/Smart_Taxi_App/backend/server.js:16:20)
    at Module._compile (node:internal/modules/cjs/loader:1469:14)
    at Module._extensions..js (node:internal/modules/cjs/loader:1548:10)
[2025-03-19T15:22:50.655Z] [31merror[39m: uncaughtException: au is not defined
ReferenceError: au is not defined
    at Object.<anonymous> (/workspaces/Smart_Taxi_App/backend/routes/taxiRoutes.js:16:31)
    at Module._compile (node:internal/modules/cjs/loader:1469:14)
    at Module._extensions..js (node:internal/modules/cjs/loader:1548:10)
    at Module.load (node:internal/modules/cjs/loader:1288:32)
    at Module._load (node:internal/modules/cjs/loader:1104:12)
    at Module.require (node:internal/modules/cjs/loader:1311:19)
    at require (node:internal/modules/helpers:179:18)
    at Object.<anonymous> (/workspaces/Smart_Taxi_App/backend/server.js:16:20)
    at Module._compile (node:internal/modules/cjs/loader:1469:14)
    at Module._extensions..js (node:internal/modules/cjs/loader:1548:10)
[2025-03-19T15:22:52.793Z] [31merror[39m: uncaughtException: Unexpected token ','
/workspaces/Smart_Taxi_App/backend/routes/taxiRoutes.js:16
router.patch("/:taxiId/load", , authorizeRole(["driver"]), TaxiController.updateTaxiLoad);
                              ^

SyntaxError: Unexpected token ','
    at wrapSafe (node:internal/modules/cjs/loader:1378:20)
    at Module._compile (node:internal/modules/cjs/loader:1428:41)
    at Module._extensions..js (node:internal/modules/cjs/loader:1548:10)
    at Module.load (node:internal/modules/cjs/loader:1288:32)
    at Module._load (node:internal/modules/cjs/loader:1104:12)
    at Module.require (node:internal/modules/cjs/loader:1311:19)
    at require (node:internal/modules/helpers:179:18)
    at Object.<anonymous> (/workspaces/Smart_Taxi_App/backend/server.js:16:20)
    at Module._compile (node:internal/modules/cjs/loader:1469:14)
    at Module._extensions..js (node:internal/modules/cjs/loader:1548:10)
[2025-03-19T15:22:55.823Z] [31merror[39m: uncaughtException: pr is not defined
ReferenceError: pr is not defined
    at Object.<anonymous> (/workspaces/Smart_Taxi_App/backend/routes/taxiRoutes.js:16:31)
    at Module._compile (node:internal/modules/cjs/loader:1469:14)
    at Module._extensions..js (node:internal/modules/cjs/loader:1548:10)
    at Module.load (node:internal/modules/cjs/loader:1288:32)
    at Module._load (node:internal/modules/cjs/loader:1104:12)
    at Module.require (node:internal/modules/cjs/loader:1311:19)
    at require (node:internal/modules/helpers:179:18)
    at Object.<anonymous> (/workspaces/Smart_Taxi_App/backend/server.js:16:20)
    at Module._compile (node:internal/modules/cjs/loader:1469:14)
    at Module._extensions..js (node:internal/modules/cjs/loader:1548:10)
[2025-03-19T15:22:57.921Z] [31merror[39m: uncaughtException: authorizeRole is not defined
ReferenceError: authorizeRole is not defined
    at Object.<anonymous> (/workspaces/Smart_Taxi_App/backend/routes/taxiRoutes.js:16:8)
    at Module._compile (node:internal/modules/cjs/loader:1469:14)
    at Module._extensions..js (node:internal/modules/cjs/loader:1548:10)
    at Module.load (node:internal/modules/cjs/loader:1288:32)
    at Module._load (node:internal/modules/cjs/loader:1104:12)
    at Module.require (node:internal/modules/cjs/loader:1311:19)
    at require (node:internal/modules/helpers:179:18)
    at Object.<anonymous> (/workspaces/Smart_Taxi_App/backend/server.js:16:20)
    at Module._compile (node:internal/modules/cjs/loader:1469:14)
    at Module._extensions..js (node:internal/modules/cjs/loader:1548:10)
[2025-03-19T15:23:12.009Z] [31merror[39m: uncaughtException: TaxiController is not defined
ReferenceError: TaxiController is not defined
    at Object.<anonymous> (/workspaces/Smart_Taxi_App/backend/routes/taxiRoutes.js:16:59)
    at Module._compile (node:internal/modules/cjs/loader:1469:14)
    at Module._extensions..js (node:internal/modules/cjs/loader:1548:10)
    at Module.load (node:internal/modules/cjs/loader:1288:32)
    at Module._load (node:internal/modules/cjs/loader:1104:12)
    at Module.require (node:internal/modules/cjs/loader:1311:19)
    at require (node:internal/modules/helpers:179:18)
    at Object.<anonymous> (/workspaces/Smart_Taxi_App/backend/server.js:16:20)
    at Module._compile (node:internal/modules/cjs/loader:1469:14)
    at Module._extensions..js (node:internal/modules/cjs/loader:1548:10)
[2025-03-19T15:23:36.391Z] [31merror[39m: uncaughtException: axiController is not defined
ReferenceError: axiController is not defined
    at Object.<anonymous> (/workspaces/Smart_Taxi_App/backend/routes/taxiRoutes.js:16:59)
    at Module._compile (node:internal/modules/cjs/loader:1469:14)
    at Module._extensions..js (node:internal/modules/cjs/loader:1548:10)
    at Module.load (node:internal/modules/cjs/loader:1288:32)
    at Module._load (node:internal/modules/cjs/loader:1104:12)
    at Module.require (node:internal/modules/cjs/loader:1311:19)
    at require (node:internal/modules/helpers:179:18)
    at Object.<anonymous> (/workspaces/Smart_Taxi_App/backend/server.js:16:20)
    at Module._compile (node:internal/modules/cjs/loader:1469:14)
    at Module._extensions..js (node:internal/modules/cjs/loader:1548:10)
[2025-03-19T15:24:23.608Z] [31merror[39m: uncaughtException: Route.post() requires a callback function but got a [object Undefined]
Error: Route.post() requires a callback function but got a [object Undefined]
    at Route.<computed> [as post] (/workspaces/Smart_Taxi_App/backend/node_modules/express/lib/router/route.js:216:15)
    at proto.<computed> [as post] (/workspaces/Smart_Taxi_App/backend/node_modules/express/lib/router/index.js:521:19)
    at Object.<anonymous> (/workspaces/Smart_Taxi_App/backend/routes/taxiRoutes.js:12:8)
    at Module._compile (node:internal/modules/cjs/loader:1469:14)
    at Module._extensions..js (node:internal/modules/cjs/loader:1548:10)
    at Module.load (node:internal/modules/cjs/loader:1288:32)
    at Module._load (node:internal/modules/cjs/loader:1104:12)
    at Module.require (node:internal/modules/cjs/loader:1311:19)
    at require (node:internal/modules/helpers:179:18)
    at Object.<anonymous> (/workspaces/Smart_Taxi_App/backend/server.js:16:20)
[2025-03-19T15:26:04.482Z] [31merror[39m: uncaughtException: Route.post() requires a callback function but got a [object Undefined]
Error: Route.post() requires a callback function but got a [object Undefined]
    at Route.<computed> [as post] (/workspaces/Smart_Taxi_App/backend/node_modules/express/lib/router/route.js:216:15)
    at proto.<computed> [as post] (/workspaces/Smart_Taxi_App/backend/node_modules/express/lib/router/index.js:521:19)
    at Object.<anonymous> (/workspaces/Smart_Taxi_App/backend/routes/taxiRoutes.js:12:8)
    at Module._compile (node:internal/modules/cjs/loader:1469:14)
    at Module._extensions..js (node:internal/modules/cjs/loader:1548:10)
    at Module.load (node:internal/modules/cjs/loader:1288:32)
    at Module._load (node:internal/modules/cjs/loader:1104:12)
    at Module.require (node:internal/modules/cjs/loader:1311:19)
    at require (node:internal/modules/helpers:179:18)
    at Object.<anonymous> (/workspaces/Smart_Taxi_App/backend/server.js:16:20)
[2025-03-19T15:26:12.258Z] [31merror[39m: uncaughtException: Route.post() requires a callback function but got a [object Undefined]
Error: Route.post() requires a callback function but got a [object Undefined]
    at Route.<computed> [as post] (/workspaces/Smart_Taxi_App/backend/node_modules/express/lib/router/route.js:216:15)
    at proto.<computed> [as post] (/workspaces/Smart_Taxi_App/backend/node_modules/express/lib/router/index.js:521:19)
    at Object.<anonymous> (/workspaces/Smart_Taxi_App/backend/routes/taxiRoutes.js:12:8)
    at Module._compile (node:internal/modules/cjs/loader:1469:14)
    at Module._extensions..js (node:internal/modules/cjs/loader:1548:10)
    at Module.load (node:internal/modules/cjs/loader:1288:32)
    at Module._load (node:internal/modules/cjs/loader:1104:12)
    at Module.require (node:internal/modules/cjs/loader:1311:19)
    at require (node:internal/modules/helpers:179:18)
    at Object.<anonymous> (/workspaces/Smart_Taxi_App/backend/server.js:16:20)
[2025-03-21T15:40:14.106Z] [31merror[39m: uncaughtException: write after end
Error: write after end
    at writeAfterEnd (/workspaces/Smart_Taxi_App/backend/node_modules/winston/node_modules/readable-stream/lib/_stream_writable.js:264:12)
    at Writable.write (/workspaces/Smart_Taxi_App/backend/node_modules/winston/node_modules/readable-stream/lib/_stream_writable.js:300:21)
    at File.log (/workspaces/Smart_Taxi_App/backend/node_modules/winston/lib/winston/transports/file.js:222:34)
    at RejectionStream._write (/workspaces/Smart_Taxi_App/backend/node_modules/winston/lib/winston/rejection-stream.js:46:29)
    at doWrite (/workspaces/Smart_Taxi_App/backend/node_modules/winston/node_modules/readable-stream/lib/_stream_writable.js:390:139)
    at writeOrBuffer (/workspaces/Smart_Taxi_App/backend/node_modules/winston/node_modules/readable-stream/lib/_stream_writable.js:381:5)
    at Writable.write (/workspaces/Smart_Taxi_App/backend/node_modules/winston/node_modules/readable-stream/lib/_stream_writable.js:302:11)
    at DerivedLogger.ondata (/workspaces/Smart_Taxi_App/backend/node_modules/winston/node_modules/readable-stream/lib/_stream_readable.js:629:20)
    at DerivedLogger.emit (node:events:530:35)
    at addChunk (/workspaces/Smart_Taxi_App/backend/node_modules/winston/node_modules/readable-stream/lib/_stream_readable.js:279:12)
[2025-03-21T18:31:55.616Z] [31merror[39m: uncaughtException: getUserDetails is not defined
ReferenceError: getUserDetails is not defined
    at Object.<anonymous> (/workspaces/Smart_Taxi_App/backend/routes/userRoutes.js:16:28)
    at Module._compile (node:internal/modules/cjs/loader:1469:14)
    at Module._extensions..js (node:internal/modules/cjs/loader:1548:10)
    at Module.load (node:internal/modules/cjs/loader:1288:32)
    at Module._load (node:internal/modules/cjs/loader:1104:12)
    at Module.require (node:internal/modules/cjs/loader:1311:19)
    at require (node:internal/modules/helpers:179:18)
    at Object.<anonymous> (/workspaces/Smart_Taxi_App/backend/server.js:14:20)
    at Module._compile (node:internal/modules/cjs/loader:1469:14)
    at Module._extensions..js (node:internal/modules/cjs/loader:1548:10)
[2025-03-21T18:31:58.548Z] [31merror[39m: uncaughtException: getUserDetails is not defined
ReferenceError: getUserDetails is not defined
    at Object.<anonymous> (/workspaces/Smart_Taxi_App/backend/routes/userRoutes.js:16:28)
    at Module._compile (node:internal/modules/cjs/loader:1469:14)
    at Module._extensions..js (node:internal/modules/cjs/loader:1548:10)
    at Module.load (node:internal/modules/cjs/loader:1288:32)
    at Module._load (node:internal/modules/cjs/loader:1104:12)
    at Module.require (node:internal/modules/cjs/loader:1311:19)
    at require (node:internal/modules/helpers:179:18)
    at Object.<anonymous> (/workspaces/Smart_Taxi_App/backend/server.js:14:20)
    at Module._compile (node:internal/modules/cjs/loader:1469:14)
    at Module._extensions..js (node:internal/modules/cjs/loader:1548:10)
[2025-03-21T18:32:02.030Z] [31merror[39m: uncaughtException: usegetUserDetails is not defined
ReferenceError: usegetUserDetails is not defined
    at Object.<anonymous> (/workspaces/Smart_Taxi_App/backend/routes/userRoutes.js:16:28)
    at Module._compile (node:internal/modules/cjs/loader:1469:14)
    at Module._extensions..js (node:internal/modules/cjs/loader:1548:10)
    at Module.load (node:internal/modules/cjs/loader:1288:32)
    at Module._load (node:internal/modules/cjs/loader:1104:12)
    at Module.require (node:internal/modules/cjs/loader:1311:19)
    at require (node:internal/modules/helpers:179:18)
    at Object.<anonymous> (/workspaces/Smart_Taxi_App/backend/server.js:14:20)
    at Module._compile (node:internal/modules/cjs/loader:1469:14)
    at Module._extensions..js (node:internal/modules/cjs/loader:1548:10)
[2025-03-21T18:32:05.232Z] [31merror[39m: uncaughtException: userControllergetUserDetails is not defined
ReferenceError: userControllergetUserDetails is not defined
    at Object.<anonymous> (/workspaces/Smart_Taxi_App/backend/routes/userRoutes.js:16:28)
    at Module._compile (node:internal/modules/cjs/loader:1469:14)
    at Module._extensions..js (node:internal/modules/cjs/loader:1548:10)
    at Module.load (node:internal/modules/cjs/loader:1288:32)
    at Module._load (node:internal/modules/cjs/loader:1104:12)
    at Module.require (node:internal/modules/cjs/loader:1311:19)
    at require (node:internal/modules/helpers:179:18)
    at Object.<anonymous> (/workspaces/Smart_Taxi_App/backend/server.js:14:20)
    at Module._compile (node:internal/modules/cjs/loader:1469:14)
    at Module._extensions..js (node:internal/modules/cjs/loader:1548:10)
[2025-03-21T18:32:12.785Z] [31merror[39m: uncaughtException: missing ) after argument list
/workspaces/Smart_Taxi_App/backend/routes/userRoutes.js:16
router.get("/me", protect, userController'getUserDetails);
                           ^^^^^^^^^^^^^^

SyntaxError: missing ) after argument list
    at wrapSafe (node:internal/modules/cjs/loader:1378:20)
    at Module._compile (node:internal/modules/cjs/loader:1428:41)
    at Module._extensions..js (node:internal/modules/cjs/loader:1548:10)
    at Module.load (node:internal/modules/cjs/loader:1288:32)
    at Module._load (node:internal/modules/cjs/loader:1104:12)
    at Module.require (node:internal/modules/cjs/loader:1311:19)
    at require (node:internal/modules/helpers:179:18)
    at Object.<anonymous> (/workspaces/Smart_Taxi_App/backend/server.js:14:20)
    at Module._compile (node:internal/modules/cjs/loader:1469:14)
    at Module._extensions..js (node:internal/modules/cjs/loader:1548:10)
[2025-03-21T21:01:35.194Z] [31merror[39m: uncaughtException: Unexpected end of input
/workspaces/Smart_Taxi_App/backend/controllers/userController.js:76



SyntaxError: Unexpected end of input
    at wrapSafe (node:internal/modules/cjs/loader:1378:20)
    at Module._compile (node:internal/modules/cjs/loader:1428:41)
    at Module._extensions..js (node:internal/modules/cjs/loader:1548:10)
    at Module.load (node:internal/modules/cjs/loader:1288:32)
    at Module._load (node:internal/modules/cjs/loader:1104:12)
    at Module.require (node:internal/modules/cjs/loader:1311:19)
    at require (node:internal/modules/helpers:179:18)
    at Object.<anonymous> (/workspaces/Smart_Taxi_App/backend/routes/userRoutes.js:4:24)
    at Module._compile (node:internal/modules/cjs/loader:1469:14)
    at Module._extensions..js (node:internal/modules/cjs/loader:1548:10)
[2025-03-21T21:01:36.349Z] [31merror[39m: uncaughtException: Unexpected end of input
/workspaces/Smart_Taxi_App/backend/controllers/userController.js:76



SyntaxError: Unexpected end of input
    at wrapSafe (node:internal/modules/cjs/loader:1378:20)
    at Module._compile (node:internal/modules/cjs/loader:1428:41)
    at Module._extensions..js (node:internal/modules/cjs/loader:1548:10)
    at Module.load (node:internal/modules/cjs/loader:1288:32)
    at Module._load (node:internal/modules/cjs/loader:1104:12)
    at Module.require (node:internal/modules/cjs/loader:1311:19)
    at require (node:internal/modules/helpers:179:18)
    at Object.<anonymous> (/workspaces/Smart_Taxi_App/backend/routes/userRoutes.js:4:24)
    at Module._compile (node:internal/modules/cjs/loader:1469:14)
    at Module._extensions..js (node:internal/modules/cjs/loader:1548:10)
[2025-03-21T21:01:40.241Z] [31merror[39m: uncaughtException: Unexpected end of input
/workspaces/Smart_Taxi_App/backend/controllers/userController.js:75



SyntaxError: Unexpected end of input
    at wrapSafe (node:internal/modules/cjs/loader:1378:20)
    at Module._compile (node:internal/modules/cjs/loader:1428:41)
    at Module._extensions..js (node:internal/modules/cjs/loader:1548:10)
    at Module.load (node:internal/modules/cjs/loader:1288:32)
    at Module._load (node:internal/modules/cjs/loader:1104:12)
    at Module.require (node:internal/modules/cjs/loader:1311:19)
    at require (node:internal/modules/helpers:179:18)
    at Object.<anonymous> (/workspaces/Smart_Taxi_App/backend/routes/userRoutes.js:4:24)
    at Module._compile (node:internal/modules/cjs/loader:1469:14)
    at Module._extensions..js (node:internal/modules/cjs/loader:1548:10)
[2025-03-21T21:01:42.483Z] [31merror[39m: uncaughtException: Unexpected end of input
/workspaces/Smart_Taxi_App/backend/controllers/userController.js:74



SyntaxError: Unexpected end of input
    at wrapSafe (node:internal/modules/cjs/loader:1378:20)
    at Module._compile (node:internal/modules/cjs/loader:1428:41)
    at Module._extensions..js (node:internal/modules/cjs/loader:1548:10)
    at Module.load (node:internal/modules/cjs/loader:1288:32)
    at Module._load (node:internal/modules/cjs/loader:1104:12)
    at Module.require (node:internal/modules/cjs/loader:1311:19)
    at require (node:internal/modules/helpers:179:18)
    at Object.<anonymous> (/workspaces/Smart_Taxi_App/backend/routes/userRoutes.js:4:24)
    at Module._compile (node:internal/modules/cjs/loader:1469:14)
    at Module._extensions..js (node:internal/modules/cjs/loader:1548:10)
[2025-03-21T21:01:45.510Z] [31merror[39m: uncaughtException: Unexpected end of input
/workspaces/Smart_Taxi_App/backend/controllers/userController.js:73



SyntaxError: Unexpected end of input
    at wrapSafe (node:internal/modules/cjs/loader:1378:20)
    at Module._compile (node:internal/modules/cjs/loader:1428:41)
    at Module._extensions..js (node:internal/modules/cjs/loader:1548:10)
    at Module.load (node:internal/modules/cjs/loader:1288:32)
    at Module._load (node:internal/modules/cjs/loader:1104:12)
    at Module.require (node:internal/modules/cjs/loader:1311:19)
    at require (node:internal/modules/helpers:179:18)
    at Object.<anonymous> (/workspaces/Smart_Taxi_App/backend/routes/userRoutes.js:4:24)
    at Module._compile (node:internal/modules/cjs/loader:1469:14)
    at Module._extensions..js (node:internal/modules/cjs/loader:1548:10)
[2025-03-21T21:01:48.972Z] [31merror[39m: uncaughtException: Unexpected end of input
/workspaces/Smart_Taxi_App/backend/controllers/userController.js:72



SyntaxError: Unexpected end of input
    at wrapSafe (node:internal/modules/cjs/loader:1378:20)
    at Module._compile (node:internal/modules/cjs/loader:1428:41)
    at Module._extensions..js (node:internal/modules/cjs/loader:1548:10)
    at Module.load (node:internal/modules/cjs/loader:1288:32)
    at Module._load (node:internal/modules/cjs/loader:1104:12)
    at Module.require (node:internal/modules/cjs/loader:1311:19)
    at require (node:internal/modules/helpers:179:18)
    at Object.<anonymous> (/workspaces/Smart_Taxi_App/backend/routes/userRoutes.js:4:24)
    at Module._compile (node:internal/modules/cjs/loader:1469:14)
    at Module._extensions..js (node:internal/modules/cjs/loader:1548:10)
[2025-03-21T21:01:52.312Z] [31merror[39m: uncaughtException: Unexpected end of input
/workspaces/Smart_Taxi_App/backend/controllers/userController.js:72



SyntaxError: Unexpected end of input
    at wrapSafe (node:internal/modules/cjs/loader:1378:20)
    at Module._compile (node:internal/modules/cjs/loader:1428:41)
    at Module._extensions..js (node:internal/modules/cjs/loader:1548:10)
    at Module.load (node:internal/modules/cjs/loader:1288:32)
    at Module._load (node:internal/modules/cjs/loader:1104:12)
    at Module.require (node:internal/modules/cjs/loader:1311:19)
    at require (node:internal/modules/helpers:179:18)
    at Object.<anonymous> (/workspaces/Smart_Taxi_App/backend/routes/userRoutes.js:4:24)
    at Module._compile (node:internal/modules/cjs/loader:1469:14)
    at Module._extensions..js (node:internal/modules/cjs/loader:1548:10)
[2025-03-21T21:01:55.130Z] [31merror[39m: uncaughtException: Unexpected end of input
/workspaces/Smart_Taxi_App/backend/controllers/userController.js:71



SyntaxError: Unexpected end of input
    at wrapSafe (node:internal/modules/cjs/loader:1378:20)
    at Module._compile (node:internal/modules/cjs/loader:1428:41)
    at Module._extensions..js (node:internal/modules/cjs/loader:1548:10)
    at Module.load (node:internal/modules/cjs/loader:1288:32)
    at Module._load (node:internal/modules/cjs/loader:1104:12)
    at Module.require (node:internal/modules/cjs/loader:1311:19)
    at require (node:internal/modules/helpers:179:18)
    at Object.<anonymous> (/workspaces/Smart_Taxi_App/backend/routes/userRoutes.js:4:24)
    at Module._compile (node:internal/modules/cjs/loader:1469:14)
    at Module._extensions..js (node:internal/modules/cjs/loader:1548:10)
[2025-03-21T21:01:57.620Z] [31merror[39m: uncaughtException: Unexpected end of input
/workspaces/Smart_Taxi_App/backend/controllers/userController.js:70



SyntaxError: Unexpected end of input
    at wrapSafe (node:internal/modules/cjs/loader:1378:20)
    at Module._compile (node:internal/modules/cjs/loader:1428:41)
    at Module._extensions..js (node:internal/modules/cjs/loader:1548:10)
    at Module.load (node:internal/modules/cjs/loader:1288:32)
    at Module._load (node:internal/modules/cjs/loader:1104:12)
    at Module.require (node:internal/modules/cjs/loader:1311:19)
    at require (node:internal/modules/helpers:179:18)
    at Object.<anonymous> (/workspaces/Smart_Taxi_App/backend/routes/userRoutes.js:4:24)
    at Module._compile (node:internal/modules/cjs/loader:1469:14)
    at Module._extensions..js (node:internal/modules/cjs/loader:1548:10)
[2025-03-21T21:02:00.286Z] [31merror[39m: uncaughtException: Unexpected end of input
/workspaces/Smart_Taxi_App/backend/controllers/userController.js:69



SyntaxError: Unexpected end of input
    at wrapSafe (node:internal/modules/cjs/loader:1378:20)
    at Module._compile (node:internal/modules/cjs/loader:1428:41)
    at Module._extensions..js (node:internal/modules/cjs/loader:1548:10)
    at Module.load (node:internal/modules/cjs/loader:1288:32)
    at Module._load (node:internal/modules/cjs/loader:1104:12)
    at Module.require (node:internal/modules/cjs/loader:1311:19)
    at require (node:internal/modules/helpers:179:18)
    at Object.<anonymous> (/workspaces/Smart_Taxi_App/backend/routes/userRoutes.js:4:24)
    at Module._compile (node:internal/modules/cjs/loader:1469:14)
    at Module._extensions..js (node:internal/modules/cjs/loader:1548:10)
[2025-03-21T21:02:03.262Z] [31merror[39m: uncaughtException: Unexpected end of input
/workspaces/Smart_Taxi_App/backend/controllers/userController.js:68



SyntaxError: Unexpected end of input
    at wrapSafe (node:internal/modules/cjs/loader:1378:20)
    at Module._compile (node:internal/modules/cjs/loader:1428:41)
    at Module._extensions..js (node:internal/modules/cjs/loader:1548:10)
    at Module.load (node:internal/modules/cjs/loader:1288:32)
    at Module._load (node:internal/modules/cjs/loader:1104:12)
    at Module.require (node:internal/modules/cjs/loader:1311:19)
    at require (node:internal/modules/helpers:179:18)
    at Object.<anonymous> (/workspaces/Smart_Taxi_App/backend/routes/userRoutes.js:4:24)
    at Module._compile (node:internal/modules/cjs/loader:1469:14)
    at Module._extensions..js (node:internal/modules/cjs/loader:1548:10)
[2025-03-21T21:02:04.787Z] [31merror[39m: uncaughtException: Unexpected identifier 'exports'
/workspaces/Smart_Taxi_App/backend/controllers/userController.js:46
exports.getUserDetails = async (req, res) => {
^^^^^^^

SyntaxError: Unexpected identifier 'exports'
    at wrapSafe (node:internal/modules/cjs/loader:1378:20)
    at Module._compile (node:internal/modules/cjs/loader:1428:41)
    at Module._extensions..js (node:internal/modules/cjs/loader:1548:10)
    at Module.load (node:internal/modules/cjs/loader:1288:32)
    at Module._load (node:internal/modules/cjs/loader:1104:12)
    at Module.require (node:internal/modules/cjs/loader:1311:19)
    at require (node:internal/modules/helpers:179:18)
    at Object.<anonymous> (/workspaces/Smart_Taxi_App/backend/routes/userRoutes.js:4:24)
    at Module._compile (node:internal/modules/cjs/loader:1469:14)
    at Module._extensions..js (node:internal/modules/cjs/loader:1548:10)
[2025-03-21T21:02:10.749Z] [31merror[39m: uncaughtException: Unexpected end of input
/workspaces/Smart_Taxi_App/backend/controllers/userController.js:67



SyntaxError: Unexpected end of input
    at wrapSafe (node:internal/modules/cjs/loader:1378:20)
    at Module._compile (node:internal/modules/cjs/loader:1428:41)
    at Module._extensions..js (node:internal/modules/cjs/loader:1548:10)
    at Module.load (node:internal/modules/cjs/loader:1288:32)
    at Module._load (node:internal/modules/cjs/loader:1104:12)
    at Module.require (node:internal/modules/cjs/loader:1311:19)
    at require (node:internal/modules/helpers:179:18)
    at Object.<anonymous> (/workspaces/Smart_Taxi_App/backend/routes/userRoutes.js:4:24)
    at Module._compile (node:internal/modules/cjs/loader:1469:14)
    at Module._extensions..js (node:internal/modules/cjs/loader:1548:10)
